#-----------------------------------------------------------
# Vivado v2019.1 (64-bit)
# SW Build 2552052 on Fri May 24 14:47:09 MDT 2019
# IP Build 2548770 on Fri May 24 18:01:18 MDT 2019
# Start of session at: Fri Aug 18 20:12:33 2023
# Process ID: 90236
# Current directory: /home/ICer/MyIC/uart_demo_prj/fpga/vivado_work
# Command line: vivado
# Log file: /home/ICer/MyIC/uart_demo_prj/fpga/vivado_work/vivado.log
# Journal file: /home/ICer/MyIC/uart_demo_prj/fpga/vivado_work/vivado.jou
#-----------------------------------------------------------
start_gui
open_project /home/ICer/Work_file/VCSVerdi/my_M0/build_ip_core_test/fpga/k325t/m0_build/m0_build.xpr
CRITICAL WARNING: [Project 1-19] Could not find the file '/home/ICer/Work_file/VCSVerdi/my_M0/build_ip_core_test/Sim/Bench/M0_tb.v'.
Scanning sources...
Finished scanning sources
INFO: [IP_Flow 19-234] Refreshing IP repositories
INFO: [IP_Flow 19-1704] No user IP repositories specified
INFO: [IP_Flow 19-2313] Loaded Vivado IP repository '/home/Xilinx/Vivado/2019.1/data/ip'.
INFO: [Common 17-41] Interrupt caught. Command should exit soon.
INFO: [Common 17-344] 'open_project' was cancelled
WARNING: [Board 49-26] cannot add Board Part em.avnet.com:ultra96:part0:1.2 available at /home/ICer/.Xilinx/Vivado/2019.1/xhub/board_store/XilinxBoardStore/Vivado/2019.1/boards/Avnet/ultra96/1.2/1.2/board.xml as part xczu3eg-sbva484-1-e specified in board_part file is either invalid or not available
WARNING: [Board 49-26] cannot add Board Part trenz.biz:te0803_2cg_1e:part0:1.0 available at /home/ICer/.Xilinx/Vivado/2019.1/xhub/board_store/XilinxBoardStore/Vivado/2019.1/boards/Trenz_Electronic/TE0803_2CG_1E/1.0/1.0/board.xml as part xczu2cg-sfvc784-1-e specified in board_part file is either invalid or not available
WARNING: [Board 49-26] cannot add Board Part trenz.biz:te0803_2cg_1e_tebf0808:part0:2.0 available at /home/ICer/.Xilinx/Vivado/2019.1/xhub/board_store/XilinxBoardStore/Vivado/2019.1/boards/Trenz_Electronic/TE0803_2CG_1E/2.0/2.0/board.xml as part xczu2cg-sfvc784-1-e specified in board_part file is either invalid or not available
WARNING: [Board 49-26] cannot add Board Part trenz.biz:te0803_2eg_1e:part0:1.0 available at /home/ICer/.Xilinx/Vivado/2019.1/xhub/board_store/XilinxBoardStore/Vivado/2019.1/boards/Trenz_Electronic/TE0803_2EG_1E/1.0/1.0/board.xml as part xczu2eg-sfvc784-1-e specified in board_part file is either invalid or not available
WARNING: [Board 49-26] cannot add Board Part trenz.biz:te0803_2eg_1e_tebf0808:part0:2.0 available at /home/ICer/.Xilinx/Vivado/2019.1/xhub/board_store/XilinxBoardStore/Vivado/2019.1/boards/Trenz_Electronic/TE0803_2EG_1E/2.0/2.0/board.xml as part xczu2eg-sfvc784-1-e specified in board_part file is either invalid or not available
WARNING: [Board 49-26] cannot add Board Part trenz.biz:te0803_3cg_1e:part0:1.0 available at /home/ICer/.Xilinx/Vivado/2019.1/xhub/board_store/XilinxBoardStore/Vivado/2019.1/boards/Trenz_Electronic/TE0803_3CG_1E/1.0/1.0/board.xml as part xczu3cg-sfvc784-1-e specified in board_part file is either invalid or not available
WARNING: [Board 49-26] cannot add Board Part trenz.biz:te0803_3cg_1e_tebf0808:part0:2.0 available at /home/ICer/.Xilinx/Vivado/2019.1/xhub/board_store/XilinxBoardStore/Vivado/2019.1/boards/Trenz_Electronic/TE0803_3CG_1E/2.0/2.0/board.xml as part xczu3cg-sfvc784-1-e specified in board_part file is either invalid or not available
WARNING: [Board 49-26] cannot add Board Part trenz.biz:te0803_3eg_1e:part0:1.0 available at /home/ICer/.Xilinx/Vivado/2019.1/xhub/board_store/XilinxBoardStore/Vivado/2019.1/boards/Trenz_Electronic/TE0803_3EG_1E/1.0/1.0/board.xml as part xczu3eg-sfvc784-1-e specified in board_part file is either invalid or not available
WARNING: [Board 49-26] cannot add Board Part trenz.biz:te0803_3eg_1e:part0:3.0 available at /home/ICer/.Xilinx/Vivado/2019.1/xhub/board_store/XilinxBoardStore/Vivado/2019.1/boards/Trenz_Electronic/TE0803_3EG_1E/3.0/3.0/board.xml as part xczu3eg-sfvc784-1-e specified in board_part file is either invalid or not available
WARNING: [Board 49-26] cannot add Board Part trenz.biz:te0803_3eg_1e_tebf0808:part0:2.0 available at /home/ICer/.Xilinx/Vivado/2019.1/xhub/board_store/XilinxBoardStore/Vivado/2019.1/boards/Trenz_Electronic/TE0803_3EG_1E/2.0/2.0/board.xml as part xczu3eg-sfvc784-1-e specified in board_part file is either invalid or not available
WARNING: [Board 49-26] cannot add Board Part trenz.biz:te0803_3eg_1e_tebf0808:part0:4.0 available at /home/ICer/.Xilinx/Vivado/2019.1/xhub/board_store/XilinxBoardStore/Vivado/2019.1/boards/Trenz_Electronic/TE0803_3EG_1E/4.0/4.0/board.xml as part xczu3eg-sfvc784-1-e specified in board_part file is either invalid or not available
WARNING: [Board 49-26] cannot add Board Part trenz.biz:te0803_4cg_1e:part0:1.0 available at /home/ICer/.Xilinx/Vivado/2019.1/xhub/board_store/XilinxBoardStore/Vivado/2019.1/boards/Trenz_Electronic/TE0803_4CG_1E/1.0/1.0/board.xml as part xczu4cg-sfvc784-1-e specified in board_part file is either invalid or not available
WARNING: [Board 49-26] cannot add Board Part trenz.biz:te0803_4cg_1e_tebf0808:part0:2.0 available at /home/ICer/.Xilinx/Vivado/2019.1/xhub/board_store/XilinxBoardStore/Vivado/2019.1/boards/Trenz_Electronic/TE0803_4CG_1E/2.0/2.0/board.xml as part xczu4cg-sfvc784-1-e specified in board_part file is either invalid or not available
WARNING: [Board 49-26] cannot add Board Part trenz.biz:te0803_4eg_1e:part0:1.0 available at /home/ICer/.Xilinx/Vivado/2019.1/xhub/board_store/XilinxBoardStore/Vivado/2019.1/boards/Trenz_Electronic/TE0803_4EG_1E/1.0/1.0/board.xml as part xczu4eg-sfvc784-1-e specified in board_part file is either invalid or not available
WARNING: [Board 49-26] cannot add Board Part trenz.biz:te0803_4eg_1e_tebf0808:part0:2.0 available at /home/ICer/.Xilinx/Vivado/2019.1/xhub/board_store/XilinxBoardStore/Vivado/2019.1/boards/Trenz_Electronic/TE0803_4EG_1E/2.0/2.0/board.xml as part xczu4eg-sfvc784-1-e specified in board_part file is either invalid or not available
WARNING: [Board 49-26] cannot add Board Part trenz.biz:te0803_4eg_1i:part0:5.0 available at /home/ICer/.Xilinx/Vivado/2019.1/xhub/board_store/XilinxBoardStore/Vivado/2019.1/boards/Trenz_Electronic/TE0803_4EG_1I/5.0/5.0/board.xml as part xczu4eg-sfvc784-1-i specified in board_part file is either invalid or not available
WARNING: [Board 49-26] cannot add Board Part trenz.biz:te0803_4eg_1i_tebf0808:part0:6.0 available at /home/ICer/.Xilinx/Vivado/2019.1/xhub/board_store/XilinxBoardStore/Vivado/2019.1/boards/Trenz_Electronic/TE0803_4EG_1I/6.0/6.0/board.xml as part xczu4eg-sfvc784-1-i specified in board_part file is either invalid or not available
WARNING: [Board 49-26] cannot add Board Part trenz.biz:te0803_4ev_1e:part0:1.0 available at /home/ICer/.Xilinx/Vivado/2019.1/xhub/board_store/XilinxBoardStore/Vivado/2019.1/boards/Trenz_Electronic/TE0803_4EV_1E/1.0/1.0/board.xml as part xczu4ev-sfvc784-1-e specified in board_part file is either invalid or not available
WARNING: [Board 49-26] cannot add Board Part trenz.biz:te0803_4ev_1e_tebf0808:part0:2.0 available at /home/ICer/.Xilinx/Vivado/2019.1/xhub/board_store/XilinxBoardStore/Vivado/2019.1/boards/Trenz_Electronic/TE0803_4EV_1E/2.0/2.0/board.xml as part xczu4ev-sfvc784-1-e specified in board_part file is either invalid or not available
WARNING: [Board 49-26] cannot add Board Part trenz.biz:te0803_5ev_1e:part0:1.0 available at /home/ICer/.Xilinx/Vivado/2019.1/xhub/board_store/XilinxBoardStore/Vivado/2019.1/boards/Trenz_Electronic/TE0803_5EV_1E/1.0/1.0/board.xml as part xczu5ev-sfvc784-1-e specified in board_part file is either invalid or not available
WARNING: [Board 49-26] cannot add Board Part trenz.biz:te0803_5ev_1e_tebf0808:part0:2.0 available at /home/ICer/.Xilinx/Vivado/2019.1/xhub/board_store/XilinxBoardStore/Vivado/2019.1/boards/Trenz_Electronic/TE0803_5EV_1E/2.0/2.0/board.xml as part xczu5ev-sfvc784-1-e specified in board_part file is either invalid or not available
WARNING: [Board 49-26] cannot add Board Part trenz.biz:te0803_5ev_1i:part0:1.0 available at /home/ICer/.Xilinx/Vivado/2019.1/xhub/board_store/XilinxBoardStore/Vivado/2019.1/boards/Trenz_Electronic/TE0803_5EV_1I/1.0/1.0/board.xml as part xczu5ev-sfvc784-1-i specified in board_part file is either invalid or not available
WARNING: [Board 49-26] cannot add Board Part trenz.biz:te0803_5ev_1i_tebf0808:part0:2.0 available at /home/ICer/.Xilinx/Vivado/2019.1/xhub/board_store/XilinxBoardStore/Vivado/2019.1/boards/Trenz_Electronic/TE0803_5EV_1I/2.0/2.0/board.xml as part xczu5ev-sfvc784-1-i specified in board_part file is either invalid or not available
WARNING: [Board 49-26] cannot add Board Part trenz.biz:te0808_15eg_1e:part0:3.0 available at /home/ICer/.Xilinx/Vivado/2019.1/xhub/board_store/XilinxBoardStore/Vivado/2019.1/boards/Trenz_Electronic/TE0808_15EG_1E/3.0/3.0/board.xml as part xczu15eg-ffvc900-1-e specified in board_part file is either invalid or not available
WARNING: [Board 49-26] cannot add Board Part trenz.biz:te0808_15eg_1e_tebf0808:part0:4.0 available at /home/ICer/.Xilinx/Vivado/2019.1/xhub/board_store/XilinxBoardStore/Vivado/2019.1/boards/Trenz_Electronic/TE0808_15EG_1E/4.0/4.0/board.xml as part xczu15eg-ffvc900-1-e specified in board_part file is either invalid or not available
WARNING: [Board 49-26] cannot add Board Part trenz.biz:te0808_6eg_1e:part0:3.0 available at /home/ICer/.Xilinx/Vivado/2019.1/xhub/board_store/XilinxBoardStore/Vivado/2019.1/boards/Trenz_Electronic/TE0808_6EG_1E/3.0/3.0/board.xml as part xczu6eg-ffvc900-1-e specified in board_part file is either invalid or not available
WARNING: [Board 49-26] cannot add Board Part trenz.biz:te0808_6eg_1e_tebf0808:part0:4.0 available at /home/ICer/.Xilinx/Vivado/2019.1/xhub/board_store/XilinxBoardStore/Vivado/2019.1/boards/Trenz_Electronic/TE0808_6EG_1E/4.0/4.0/board.xml as part xczu6eg-ffvc900-1-e specified in board_part file is either invalid or not available
WARNING: [Board 49-26] cannot add Board Part trenz.biz:te0808_9eg_1e:part0:1.0 available at /home/ICer/.Xilinx/Vivado/2019.1/xhub/board_store/XilinxBoardStore/Vivado/2019.1/boards/Trenz_Electronic/TE0808_9EG_1E/1.0/1.0/board.xml as part xczu9eg-ffvc900-1-e specified in board_part file is either invalid or not available
WARNING: [Board 49-26] cannot add Board Part trenz.biz:te0808_9eg_1e:part0:3.0 available at /home/ICer/.Xilinx/Vivado/2019.1/xhub/board_store/XilinxBoardStore/Vivado/2019.1/boards/Trenz_Electronic/TE0808_9EG_1E/3.0/3.0/board.xml as part xczu9eg-ffvc900-1-e specified in board_part file is either invalid or not available
WARNING: [Board 49-26] cannot add Board Part trenz.biz:te0808_9eg_1e_tebf0808:part0:2.0 available at /home/ICer/.Xilinx/Vivado/2019.1/xhub/board_store/XilinxBoardStore/Vivado/2019.1/boards/Trenz_Electronic/TE0808_9EG_1E/2.0/2.0/board.xml as part xczu9eg-ffvc900-1-e specified in board_part file is either invalid or not available
WARNING: [Board 49-26] cannot add Board Part trenz.biz:te0808_9eg_1e_tebf0808:part0:4.0 available at /home/ICer/.Xilinx/Vivado/2019.1/xhub/board_store/XilinxBoardStore/Vivado/2019.1/boards/Trenz_Electronic/TE0808_9EG_1E/4.0/4.0/board.xml as part xczu9eg-ffvc900-1-e specified in board_part file is either invalid or not available
WARNING: [Board 49-26] cannot add Board Part trenz.biz:te0808_9eg_2i:part0:3.0 available at /home/ICer/.Xilinx/Vivado/2019.1/xhub/board_store/XilinxBoardStore/Vivado/2019.1/boards/Trenz_Electronic/TE0808_9EG_2I/3.0/3.0/board.xml as part xczu9eg-ffvc900-2-i specified in board_part file is either invalid or not available
WARNING: [Board 49-26] cannot add Board Part trenz.biz:te0808_9eg_2i_tebf0808:part0:4.0 available at /home/ICer/.Xilinx/Vivado/2019.1/xhub/board_store/XilinxBoardStore/Vivado/2019.1/boards/Trenz_Electronic/TE0808_9EG_2I/4.0/4.0/board.xml as part xczu9eg-ffvc900-2-i specified in board_part file is either invalid or not available
WARNING: [Board 49-26] cannot add Board Part trenz.biz:te0820_2cg_1e:part0:1.0 available at /home/ICer/.Xilinx/Vivado/2019.1/xhub/board_store/XilinxBoardStore/Vivado/2019.1/boards/Trenz_Electronic/TE0820_2CG_1E/1.0/1.0/board.xml as part xczu2cg-sfvc784-1-e specified in board_part file is either invalid or not available
WARNING: [Board 49-26] cannot add Board Part trenz.biz:te0820_2eg_1e:part0:1.0 available at /home/ICer/.Xilinx/Vivado/2019.1/xhub/board_store/XilinxBoardStore/Vivado/2019.1/boards/Trenz_Electronic/TE0820_2EG_1E/1.0/1.0/board.xml as part xczu2eg-sfvc784-1-e specified in board_part file is either invalid or not available
WARNING: [Board 49-26] cannot add Board Part trenz.biz:te0820_2eg_1e:part0:2.0 available at /home/ICer/.Xilinx/Vivado/2019.1/xhub/board_store/XilinxBoardStore/Vivado/2019.1/boards/Trenz_Electronic/TE0820_2EG_1E/2.0/2.0/board.xml as part xczu2eg-sfvc784-1-e specified in board_part file is either invalid or not available
WARNING: [Board 49-26] cannot add Board Part trenz.biz:te0820_3cg_1e:part0:1.0 available at /home/ICer/.Xilinx/Vivado/2019.1/xhub/board_store/XilinxBoardStore/Vivado/2019.1/boards/Trenz_Electronic/TE0820_3CG_1E/1.0/1.0/board.xml as part xczu3cg-sfvc784-1-e specified in board_part file is either invalid or not available
WARNING: [Board 49-26] cannot add Board Part trenz.biz:te0820_3eg_1e:part0:1.0 available at /home/ICer/.Xilinx/Vivado/2019.1/xhub/board_store/XilinxBoardStore/Vivado/2019.1/boards/Trenz_Electronic/TE0820_3EG_1E/1.0/1.0/board.xml as part xczu3eg-sfvc784-1-e specified in board_part file is either invalid or not available
WARNING: [Board 49-26] cannot add Board Part trenz.biz:te0820_4cg_1e:part0:1.0 available at /home/ICer/.Xilinx/Vivado/2019.1/xhub/board_store/XilinxBoardStore/Vivado/2019.1/boards/Trenz_Electronic/TE0820_4CG_1E/1.0/1.0/board.xml as part xczu4cg-sfvc784-1-e specified in board_part file is either invalid or not available
WARNING: [Board 49-26] cannot add Board Part trenz.biz:te0820_4ev_1e:part0:1.0 available at /home/ICer/.Xilinx/Vivado/2019.1/xhub/board_store/XilinxBoardStore/Vivado/2019.1/boards/Trenz_Electronic/TE0820_4EV_1E/1.0/1.0/board.xml as part xczu4ev-sfvc784-1-e specified in board_part file is either invalid or not available
WARNING: [Board 49-26] cannot add Board Part trenz.biz:teb0911_9eg_1e:part0:1.0 available at /home/ICer/.Xilinx/Vivado/2019.1/xhub/board_store/XilinxBoardStore/Vivado/2019.1/boards/Trenz_Electronic/TEB0911_9EG_1E/1.0/1.0/board.xml as part xczu9eg-ffvb1156-1-e specified in board_part file is either invalid or not available
WARNING: [Board 49-26] cannot add Board Part trenz.biz:tec0850_15eg_1e:part0:1.0 available at /home/ICer/.Xilinx/Vivado/2019.1/xhub/board_store/XilinxBoardStore/Vivado/2019.1/boards/Trenz_Electronic/TEC0850_15EG_1E/1.0/1.0/board.xml as part xczu15eg-ffvb1156-1-e specified in board_part file is either invalid or not available
WARNING: [Board 49-26] cannot add Board Part xilinx.com:au200:part0:1.2 available at /home/ICer/.Xilinx/Vivado/2019.1/xhub/board_store/XilinxBoardStore/Vivado/2019.1/boards/Xilinx/au200/1.2/1.2/board.xml as part xcu200-fsgd2104-2-e specified in board_part file is either invalid or not available
WARNING: [Board 49-26] cannot add Board Part xilinx.com:au250:part0:1.0 available at /home/Xilinx/Vivado/2019.1/data/boards/board_files/au250/1.0/board.xml as part xcu250-figd2104-2l-e specified in board_part file is either invalid or not available
WARNING: [Board 49-26] cannot add Board Part xilinx.com:au250:part0:1.1 available at /home/Xilinx/Vivado/2019.1/data/boards/board_files/au250/1.1/board.xml as part xcu250-figd2104-2l-e specified in board_part file is either invalid or not available
WARNING: [Board 49-26] cannot add Board Part xilinx.com:au250:part0:1.2 available at /home/ICer/.Xilinx/Vivado/2019.1/xhub/board_store/XilinxBoardStore/Vivado/2019.1/boards/Xilinx/au250/1.2/1.2/board.xml as part xcu250-figd2104-2l-e specified in board_part file is either invalid or not available
WARNING: [Board 49-26] cannot add Board Part xilinx.com:au250:part0:1.3 available at /home/Xilinx/Vivado/2019.1/data/boards/board_files/au250/1.3/board.xml as part xcu250-figd2104-2l-e specified in board_part file is either invalid or not available
WARNING: [Board 49-26] cannot add Board Part xilinx.com:au280:part0:1.0 available at /home/ICer/.Xilinx/Vivado/2019.1/xhub/board_store/XilinxBoardStore/Vivado/2019.1/boards/Xilinx/au280/production/1.0/1.0/board.xml as part xcu280-fsvh2892-2l-e specified in board_part file is either invalid or not available
WARNING: [Board 49-26] cannot add Board Part xilinx.com:au280_es1:part0:1.0 available at /home/ICer/.Xilinx/Vivado/2019.1/xhub/board_store/XilinxBoardStore/Vivado/2019.1/boards/Xilinx/au280/es1/1.0/1.0/board.xml as part xcu280-fsvh2892-2l-e-es1 specified in board_part file is either invalid or not available
WARNING: [Board 49-26] cannot add Board Part xilinx.com:au280_es1:part0:1.1 available at /home/ICer/.Xilinx/Vivado/2019.1/xhub/board_store/XilinxBoardStore/Vivado/2019.1/boards/Xilinx/au280/es1/1.1/1.1/board.xml as part xcu280-fsvh2892-2l-e-es1 specified in board_part file is either invalid or not available
WARNING: [Board 49-26] cannot add Board Part xilinx.com:vcu118:part0:2.0 available at /home/ICer/.Xilinx/Vivado/2019.1/xhub/board_store/XilinxBoardStore/Vivado/2019.1/boards/Xilinx/vcu118/2.0/2.0/board.xml as part xcvu9p-flga2104-2l-e specified in board_part file is either invalid or not available
WARNING: [Board 49-26] cannot add Board Part xilinx.com:vcu128_es:part0:1.0 available at /home/ICer/.Xilinx/Vivado/2019.1/xhub/board_store/XilinxBoardStore/Vivado/2019.1/boards/Xilinx/vcu128/1.0/1.0/board.xml as part xcvu37p-fsvh2892-2l-e-es1 specified in board_part file is either invalid or not available
WARNING: [Board 49-26] cannot add Board Part xilinx.com:vcu128_es:part0:1.1 available at /home/ICer/.Xilinx/Vivado/2019.1/xhub/board_store/XilinxBoardStore/Vivado/2019.1/boards/Xilinx/vcu128/1.1/1.1/board.xml as part xcvu37p-fsvh2892-2l-e-es1 specified in board_part file is either invalid or not available
WARNING: [Board 49-26] cannot add Board Part xilinx.com:vcu129:part0:1.0 available at /home/ICer/.Xilinx/Vivado/2019.1/xhub/board_store/XilinxBoardStore/Vivado/2019.1/boards/Xilinx/vcu129/production/1.0/1.0/board.xml as part xcvu29p-fsga2577-2l-e specified in board_part file is either invalid or not available
WARNING: [Board 49-26] cannot add Board Part xilinx.com:vcu129_es:part0:1.0 available at /home/ICer/.Xilinx/Vivado/2019.1/xhub/board_store/XilinxBoardStore/Vivado/2019.1/boards/Xilinx/vcu129/es/1.0/1.0/board.xml as part xcvu29p-fsga2577-2l-e-es1 specified in board_part file is either invalid or not available
WARNING: [Board 49-26] cannot add Board Part em.avnet.com:ultra96:part0:1.2 available at /home/ICer/.Xilinx/Vivado/2019.1/xhub/board_store/XilinxBoardStore/Vivado/2019.1/boards/Avnet/ultra96/1.2/1.2/board.xml as part xczu3eg-sbva484-1-e specified in board_part file is either invalid or not available
WARNING: [Board 49-26] cannot add Board Part trenz.biz:te0803_2cg_1e:part0:1.0 available at /home/ICer/.Xilinx/Vivado/2019.1/xhub/board_store/XilinxBoardStore/Vivado/2019.1/boards/Trenz_Electronic/TE0803_2CG_1E/1.0/1.0/board.xml as part xczu2cg-sfvc784-1-e specified in board_part file is either invalid or not available
WARNING: [Board 49-26] cannot add Board Part trenz.biz:te0803_2cg_1e_tebf0808:part0:2.0 available at /home/ICer/.Xilinx/Vivado/2019.1/xhub/board_store/XilinxBoardStore/Vivado/2019.1/boards/Trenz_Electronic/TE0803_2CG_1E/2.0/2.0/board.xml as part xczu2cg-sfvc784-1-e specified in board_part file is either invalid or not available
WARNING: [Board 49-26] cannot add Board Part trenz.biz:te0803_2eg_1e:part0:1.0 available at /home/ICer/.Xilinx/Vivado/2019.1/xhub/board_store/XilinxBoardStore/Vivado/2019.1/boards/Trenz_Electronic/TE0803_2EG_1E/1.0/1.0/board.xml as part xczu2eg-sfvc784-1-e specified in board_part file is either invalid or not available
WARNING: [Board 49-26] cannot add Board Part trenz.biz:te0803_2eg_1e_tebf0808:part0:2.0 available at /home/ICer/.Xilinx/Vivado/2019.1/xhub/board_store/XilinxBoardStore/Vivado/2019.1/boards/Trenz_Electronic/TE0803_2EG_1E/2.0/2.0/board.xml as part xczu2eg-sfvc784-1-e specified in board_part file is either invalid or not available
WARNING: [Board 49-26] cannot add Board Part trenz.biz:te0803_3cg_1e:part0:1.0 available at /home/ICer/.Xilinx/Vivado/2019.1/xhub/board_store/XilinxBoardStore/Vivado/2019.1/boards/Trenz_Electronic/TE0803_3CG_1E/1.0/1.0/board.xml as part xczu3cg-sfvc784-1-e specified in board_part file is either invalid or not available
WARNING: [Board 49-26] cannot add Board Part trenz.biz:te0803_3cg_1e_tebf0808:part0:2.0 available at /home/ICer/.Xilinx/Vivado/2019.1/xhub/board_store/XilinxBoardStore/Vivado/2019.1/boards/Trenz_Electronic/TE0803_3CG_1E/2.0/2.0/board.xml as part xczu3cg-sfvc784-1-e specified in board_part file is either invalid or not available
WARNING: [Board 49-26] cannot add Board Part trenz.biz:te0803_3eg_1e:part0:1.0 available at /home/ICer/.Xilinx/Vivado/2019.1/xhub/board_store/XilinxBoardStore/Vivado/2019.1/boards/Trenz_Electronic/TE0803_3EG_1E/1.0/1.0/board.xml as part xczu3eg-sfvc784-1-e specified in board_part file is either invalid or not available
WARNING: [Board 49-26] cannot add Board Part trenz.biz:te0803_3eg_1e:part0:3.0 available at /home/ICer/.Xilinx/Vivado/2019.1/xhub/board_store/XilinxBoardStore/Vivado/2019.1/boards/Trenz_Electronic/TE0803_3EG_1E/3.0/3.0/board.xml as part xczu3eg-sfvc784-1-e specified in board_part file is either invalid or not available
WARNING: [Board 49-26] cannot add Board Part trenz.biz:te0803_3eg_1e_tebf0808:part0:2.0 available at /home/ICer/.Xilinx/Vivado/2019.1/xhub/board_store/XilinxBoardStore/Vivado/2019.1/boards/Trenz_Electronic/TE0803_3EG_1E/2.0/2.0/board.xml as part xczu3eg-sfvc784-1-e specified in board_part file is either invalid or not available
WARNING: [Board 49-26] cannot add Board Part trenz.biz:te0803_3eg_1e_tebf0808:part0:4.0 available at /home/ICer/.Xilinx/Vivado/2019.1/xhub/board_store/XilinxBoardStore/Vivado/2019.1/boards/Trenz_Electronic/TE0803_3EG_1E/4.0/4.0/board.xml as part xczu3eg-sfvc784-1-e specified in board_part file is either invalid or not available
WARNING: [Board 49-26] cannot add Board Part trenz.biz:te0803_4cg_1e:part0:1.0 available at /home/ICer/.Xilinx/Vivado/2019.1/xhub/board_store/XilinxBoardStore/Vivado/2019.1/boards/Trenz_Electronic/TE0803_4CG_1E/1.0/1.0/board.xml as part xczu4cg-sfvc784-1-e specified in board_part file is either invalid or not available
WARNING: [Board 49-26] cannot add Board Part trenz.biz:te0803_4cg_1e_tebf0808:part0:2.0 available at /home/ICer/.Xilinx/Vivado/2019.1/xhub/board_store/XilinxBoardStore/Vivado/2019.1/boards/Trenz_Electronic/TE0803_4CG_1E/2.0/2.0/board.xml as part xczu4cg-sfvc784-1-e specified in board_part file is either invalid or not available
WARNING: [Board 49-26] cannot add Board Part trenz.biz:te0803_4eg_1e:part0:1.0 available at /home/ICer/.Xilinx/Vivado/2019.1/xhub/board_store/XilinxBoardStore/Vivado/2019.1/boards/Trenz_Electronic/TE0803_4EG_1E/1.0/1.0/board.xml as part xczu4eg-sfvc784-1-e specified in board_part file is either invalid or not available
WARNING: [Board 49-26] cannot add Board Part trenz.biz:te0803_4eg_1e_tebf0808:part0:2.0 available at /home/ICer/.Xilinx/Vivado/2019.1/xhub/board_store/XilinxBoardStore/Vivado/2019.1/boards/Trenz_Electronic/TE0803_4EG_1E/2.0/2.0/board.xml as part xczu4eg-sfvc784-1-e specified in board_part file is either invalid or not available
WARNING: [Board 49-26] cannot add Board Part trenz.biz:te0803_4eg_1i:part0:5.0 available at /home/ICer/.Xilinx/Vivado/2019.1/xhub/board_store/XilinxBoardStore/Vivado/2019.1/boards/Trenz_Electronic/TE0803_4EG_1I/5.0/5.0/board.xml as part xczu4eg-sfvc784-1-i specified in board_part file is either invalid or not available
WARNING: [Board 49-26] cannot add Board Part trenz.biz:te0803_4eg_1i_tebf0808:part0:6.0 available at /home/ICer/.Xilinx/Vivado/2019.1/xhub/board_store/XilinxBoardStore/Vivado/2019.1/boards/Trenz_Electronic/TE0803_4EG_1I/6.0/6.0/board.xml as part xczu4eg-sfvc784-1-i specified in board_part file is either invalid or not available
WARNING: [Board 49-26] cannot add Board Part trenz.biz:te0803_4ev_1e:part0:1.0 available at /home/ICer/.Xilinx/Vivado/2019.1/xhub/board_store/XilinxBoardStore/Vivado/2019.1/boards/Trenz_Electronic/TE0803_4EV_1E/1.0/1.0/board.xml as part xczu4ev-sfvc784-1-e specified in board_part file is either invalid or not available
WARNING: [Board 49-26] cannot add Board Part trenz.biz:te0803_4ev_1e_tebf0808:part0:2.0 available at /home/ICer/.Xilinx/Vivado/2019.1/xhub/board_store/XilinxBoardStore/Vivado/2019.1/boards/Trenz_Electronic/TE0803_4EV_1E/2.0/2.0/board.xml as part xczu4ev-sfvc784-1-e specified in board_part file is either invalid or not available
WARNING: [Board 49-26] cannot add Board Part trenz.biz:te0803_5ev_1e:part0:1.0 available at /home/ICer/.Xilinx/Vivado/2019.1/xhub/board_store/XilinxBoardStore/Vivado/2019.1/boards/Trenz_Electronic/TE0803_5EV_1E/1.0/1.0/board.xml as part xczu5ev-sfvc784-1-e specified in board_part file is either invalid or not available
WARNING: [Board 49-26] cannot add Board Part trenz.biz:te0803_5ev_1e_tebf0808:part0:2.0 available at /home/ICer/.Xilinx/Vivado/2019.1/xhub/board_store/XilinxBoardStore/Vivado/2019.1/boards/Trenz_Electronic/TE0803_5EV_1E/2.0/2.0/board.xml as part xczu5ev-sfvc784-1-e specified in board_part file is either invalid or not available
WARNING: [Board 49-26] cannot add Board Part trenz.biz:te0803_5ev_1i:part0:1.0 available at /home/ICer/.Xilinx/Vivado/2019.1/xhub/board_store/XilinxBoardStore/Vivado/2019.1/boards/Trenz_Electronic/TE0803_5EV_1I/1.0/1.0/board.xml as part xczu5ev-sfvc784-1-i specified in board_part file is either invalid or not available
WARNING: [Board 49-26] cannot add Board Part trenz.biz:te0803_5ev_1i_tebf0808:part0:2.0 available at /home/ICer/.Xilinx/Vivado/2019.1/xhub/board_store/XilinxBoardStore/Vivado/2019.1/boards/Trenz_Electronic/TE0803_5EV_1I/2.0/2.0/board.xml as part xczu5ev-sfvc784-1-i specified in board_part file is either invalid or not available
WARNING: [Board 49-26] cannot add Board Part trenz.biz:te0808_15eg_1e:part0:3.0 available at /home/ICer/.Xilinx/Vivado/2019.1/xhub/board_store/XilinxBoardStore/Vivado/2019.1/boards/Trenz_Electronic/TE0808_15EG_1E/3.0/3.0/board.xml as part xczu15eg-ffvc900-1-e specified in board_part file is either invalid or not available
WARNING: [Board 49-26] cannot add Board Part trenz.biz:te0808_15eg_1e_tebf0808:part0:4.0 available at /home/ICer/.Xilinx/Vivado/2019.1/xhub/board_store/XilinxBoardStore/Vivado/2019.1/boards/Trenz_Electronic/TE0808_15EG_1E/4.0/4.0/board.xml as part xczu15eg-ffvc900-1-e specified in board_part file is either invalid or not available
WARNING: [Board 49-26] cannot add Board Part trenz.biz:te0808_6eg_1e:part0:3.0 available at /home/ICer/.Xilinx/Vivado/2019.1/xhub/board_store/XilinxBoardStore/Vivado/2019.1/boards/Trenz_Electronic/TE0808_6EG_1E/3.0/3.0/board.xml as part xczu6eg-ffvc900-1-e specified in board_part file is either invalid or not available
WARNING: [Board 49-26] cannot add Board Part trenz.biz:te0808_6eg_1e_tebf0808:part0:4.0 available at /home/ICer/.Xilinx/Vivado/2019.1/xhub/board_store/XilinxBoardStore/Vivado/2019.1/boards/Trenz_Electronic/TE0808_6EG_1E/4.0/4.0/board.xml as part xczu6eg-ffvc900-1-e specified in board_part file is either invalid or not available
WARNING: [Board 49-26] cannot add Board Part trenz.biz:te0808_9eg_1e:part0:1.0 available at /home/ICer/.Xilinx/Vivado/2019.1/xhub/board_store/XilinxBoardStore/Vivado/2019.1/boards/Trenz_Electronic/TE0808_9EG_1E/1.0/1.0/board.xml as part xczu9eg-ffvc900-1-e specified in board_part file is either invalid or not available
WARNING: [Board 49-26] cannot add Board Part trenz.biz:te0808_9eg_1e:part0:3.0 available at /home/ICer/.Xilinx/Vivado/2019.1/xhub/board_store/XilinxBoardStore/Vivado/2019.1/boards/Trenz_Electronic/TE0808_9EG_1E/3.0/3.0/board.xml as part xczu9eg-ffvc900-1-e specified in board_part file is either invalid or not available
WARNING: [Board 49-26] cannot add Board Part trenz.biz:te0808_9eg_1e_tebf0808:part0:2.0 available at /home/ICer/.Xilinx/Vivado/2019.1/xhub/board_store/XilinxBoardStore/Vivado/2019.1/boards/Trenz_Electronic/TE0808_9EG_1E/2.0/2.0/board.xml as part xczu9eg-ffvc900-1-e specified in board_part file is either invalid or not available
WARNING: [Board 49-26] cannot add Board Part trenz.biz:te0808_9eg_1e_tebf0808:part0:4.0 available at /home/ICer/.Xilinx/Vivado/2019.1/xhub/board_store/XilinxBoardStore/Vivado/2019.1/boards/Trenz_Electronic/TE0808_9EG_1E/4.0/4.0/board.xml as part xczu9eg-ffvc900-1-e specified in board_part file is either invalid or not available
WARNING: [Board 49-26] cannot add Board Part trenz.biz:te0808_9eg_2i:part0:3.0 available at /home/ICer/.Xilinx/Vivado/2019.1/xhub/board_store/XilinxBoardStore/Vivado/2019.1/boards/Trenz_Electronic/TE0808_9EG_2I/3.0/3.0/board.xml as part xczu9eg-ffvc900-2-i specified in board_part file is either invalid or not available
WARNING: [Board 49-26] cannot add Board Part trenz.biz:te0808_9eg_2i_tebf0808:part0:4.0 available at /home/ICer/.Xilinx/Vivado/2019.1/xhub/board_store/XilinxBoardStore/Vivado/2019.1/boards/Trenz_Electronic/TE0808_9EG_2I/4.0/4.0/board.xml as part xczu9eg-ffvc900-2-i specified in board_part file is either invalid or not available
WARNING: [Board 49-26] cannot add Board Part trenz.biz:te0820_2cg_1e:part0:1.0 available at /home/ICer/.Xilinx/Vivado/2019.1/xhub/board_store/XilinxBoardStore/Vivado/2019.1/boards/Trenz_Electronic/TE0820_2CG_1E/1.0/1.0/board.xml as part xczu2cg-sfvc784-1-e specified in board_part file is either invalid or not available
WARNING: [Board 49-26] cannot add Board Part trenz.biz:te0820_2eg_1e:part0:1.0 available at /home/ICer/.Xilinx/Vivado/2019.1/xhub/board_store/XilinxBoardStore/Vivado/2019.1/boards/Trenz_Electronic/TE0820_2EG_1E/1.0/1.0/board.xml as part xczu2eg-sfvc784-1-e specified in board_part file is either invalid or not available
WARNING: [Board 49-26] cannot add Board Part trenz.biz:te0820_2eg_1e:part0:2.0 available at /home/ICer/.Xilinx/Vivado/2019.1/xhub/board_store/XilinxBoardStore/Vivado/2019.1/boards/Trenz_Electronic/TE0820_2EG_1E/2.0/2.0/board.xml as part xczu2eg-sfvc784-1-e specified in board_part file is either invalid or not available
WARNING: [Board 49-26] cannot add Board Part trenz.biz:te0820_3cg_1e:part0:1.0 available at /home/ICer/.Xilinx/Vivado/2019.1/xhub/board_store/XilinxBoardStore/Vivado/2019.1/boards/Trenz_Electronic/TE0820_3CG_1E/1.0/1.0/board.xml as part xczu3cg-sfvc784-1-e specified in board_part file is either invalid or not available
WARNING: [Board 49-26] cannot add Board Part trenz.biz:te0820_3eg_1e:part0:1.0 available at /home/ICer/.Xilinx/Vivado/2019.1/xhub/board_store/XilinxBoardStore/Vivado/2019.1/boards/Trenz_Electronic/TE0820_3EG_1E/1.0/1.0/board.xml as part xczu3eg-sfvc784-1-e specified in board_part file is either invalid or not available
WARNING: [Board 49-26] cannot add Board Part trenz.biz:te0820_4cg_1e:part0:1.0 available at /home/ICer/.Xilinx/Vivado/2019.1/xhub/board_store/XilinxBoardStore/Vivado/2019.1/boards/Trenz_Electronic/TE0820_4CG_1E/1.0/1.0/board.xml as part xczu4cg-sfvc784-1-e specified in board_part file is either invalid or not available
WARNING: [Board 49-26] cannot add Board Part trenz.biz:te0820_4ev_1e:part0:1.0 available at /home/ICer/.Xilinx/Vivado/2019.1/xhub/board_store/XilinxBoardStore/Vivado/2019.1/boards/Trenz_Electronic/TE0820_4EV_1E/1.0/1.0/board.xml as part xczu4ev-sfvc784-1-e specified in board_part file is either invalid or not available
WARNING: [Board 49-26] cannot add Board Part trenz.biz:teb0911_9eg_1e:part0:1.0 available at /home/ICer/.Xilinx/Vivado/2019.1/xhub/board_store/XilinxBoardStore/Vivado/2019.1/boards/Trenz_Electronic/TEB0911_9EG_1E/1.0/1.0/board.xml as part xczu9eg-ffvb1156-1-e specified in board_part file is either invalid or not available
WARNING: [Board 49-26] cannot add Board Part trenz.biz:tec0850_15eg_1e:part0:1.0 available at /home/ICer/.Xilinx/Vivado/2019.1/xhub/board_store/XilinxBoardStore/Vivado/2019.1/boards/Trenz_Electronic/TEC0850_15EG_1E/1.0/1.0/board.xml as part xczu15eg-ffvb1156-1-e specified in board_part file is either invalid or not available
WARNING: [Board 49-26] cannot add Board Part xilinx.com:au200:part0:1.2 available at /home/ICer/.Xilinx/Vivado/2019.1/xhub/board_store/XilinxBoardStore/Vivado/2019.1/boards/Xilinx/au200/1.2/1.2/board.xml as part xcu200-fsgd2104-2-e specified in board_part file is either invalid or not available
WARNING: [Board 49-26] cannot add Board Part xilinx.com:au250:part0:1.0 available at /home/Xilinx/Vivado/2019.1/data/boards/board_files/au250/1.0/board.xml as part xcu250-figd2104-2l-e specified in board_part file is either invalid or not available
WARNING: [Board 49-26] cannot add Board Part xilinx.com:au250:part0:1.1 available at /home/Xilinx/Vivado/2019.1/data/boards/board_files/au250/1.1/board.xml as part xcu250-figd2104-2l-e specified in board_part file is either invalid or not available
INFO: [Common 17-14] Message 'Board 49-26' appears 100 times and further instances of the messages will be disabled. Use the Tcl command set_msg_config to change the current settings.
create_project k325t /home/ICer/MyIC/uart_demo_prj/fpga/k325t -part xc7k325tfbg676-2
INFO: [IP_Flow 19-234] Refreshing IP repositories
INFO: [IP_Flow 19-1704] No user IP repositories specified
INFO: [IP_Flow 19-2313] Loaded Vivado IP repository '/home/Xilinx/Vivado/2019.1/data/ip'.
set_property compxlib.vcs_compiled_library_dir /home/ICer/Work_file/Vivadoprj/K7prj/my_project/my_project.cache/compile_simlib/vcs [current_project]
create_ip -name clk_wiz -vendor xilinx.com -library ip -version 6.0 -module_name clk_wiz_0
set_property -dict [list CONFIG.PRIM_IN_FREQ {50.000} CONFIG.CLKOUT1_REQUESTED_OUT_FREQ {50.000} CONFIG.CLKIN1_JITTER_PS {200.0} CONFIG.MMCM_CLKFBOUT_MULT_F {20.000} CONFIG.MMCM_CLKIN1_PERIOD {20.000} CONFIG.MMCM_CLKIN2_PERIOD {10.0} CONFIG.MMCM_CLKOUT0_DIVIDE_F {20.000} CONFIG.CLKOUT1_JITTER {192.113} CONFIG.CLKOUT1_PHASE_ERROR {164.985}] [get_ips clk_wiz_0]
generate_target {instantiation_template} [get_files /home/ICer/MyIC/uart_demo_prj/fpga/k325t/k325t.srcs/sources_1/ip/clk_wiz_0/clk_wiz_0.xci]
INFO: [IP_Flow 19-1686] Generating 'Instantiation Template' target for IP 'clk_wiz_0'...
update_compile_order -fileset sources_1
set_property generate_synth_checkpoint false [get_files  /home/ICer/MyIC/uart_demo_prj/fpga/k325t/k325t.srcs/sources_1/ip/clk_wiz_0/clk_wiz_0.xci]
generate_target all [get_files  /home/ICer/MyIC/uart_demo_prj/fpga/k325t/k325t.srcs/sources_1/ip/clk_wiz_0/clk_wiz_0.xci]
INFO: [IP_Flow 19-1686] Generating 'Instantiation Template' target for IP 'clk_wiz_0'...
INFO: [IP_Flow 19-1686] Generating 'Synthesis' target for IP 'clk_wiz_0'...
INFO: [IP_Flow 19-1686] Generating 'Simulation' target for IP 'clk_wiz_0'...
INFO: [IP_Flow 19-1686] Generating 'Implementation' target for IP 'clk_wiz_0'...
INFO: [IP_Flow 19-1686] Generating 'Change Log' target for IP 'clk_wiz_0'...
export_ip_user_files -of_objects [get_files /home/ICer/MyIC/uart_demo_prj/fpga/k325t/k325t.srcs/sources_1/ip/clk_wiz_0/clk_wiz_0.xci] -no_script -sync -force -quiet
export_simulation -of_objects [get_files /home/ICer/MyIC/uart_demo_prj/fpga/k325t/k325t.srcs/sources_1/ip/clk_wiz_0/clk_wiz_0.xci] -directory /home/ICer/MyIC/uart_demo_prj/fpga/k325t/k325t.ip_user_files/sim_scripts -ip_user_files_dir /home/ICer/MyIC/uart_demo_prj/fpga/k325t/k325t.ip_user_files -ipstatic_source_dir /home/ICer/MyIC/uart_demo_prj/fpga/k325t/k325t.ip_user_files/ipstatic -lib_map_path [list {modelsim=/home/ICer/MyIC/uart_demo_prj/fpga/k325t/k325t.cache/compile_simlib/modelsim} {questa=/home/ICer/MyIC/uart_demo_prj/fpga/k325t/k325t.cache/compile_simlib/questa} {ies=/home/ICer/MyIC/uart_demo_prj/fpga/k325t/k325t.cache/compile_simlib/ies} {xcelium=/home/ICer/MyIC/uart_demo_prj/fpga/k325t/k325t.cache/compile_simlib/xcelium} {vcs=/home/ICer/Work_file/Vivadoprj/K7prj/my_project/my_project.cache/compile_simlib/vcs} {riviera=/home/ICer/MyIC/uart_demo_prj/fpga/k325t/k325t.cache/compile_simlib/riviera}] -use_ip_compiled_libs -force -quiet
exit
INFO: [Common 17-206] Exiting Vivado at Fri Aug 18 20:16:22 2023...
