#######################################################################################
# log primitive debug message of FSDB dumping                                         #
# This is for R&D to analyze when there are issues happening when FSDB dump           #
#######################################################################################
ANF: vcsd_get_serial_mode_status('../../vcs/work/simv: undefined symbol: vcsd_get_serial_mode_status')
ANF: vcsd_enable_sva_success_callback('../../vcs/work/simv: undefined symbol: vcsd_enable_sva_success_callback')
ANF: vcsd_disable_sva_success_callback('../../vcs/work/simv: undefined symbol: vcsd_disable_sva_success_callback')
ANF: vcsd_get_thread_id('../../vcs/work/simv: undefined symbol: vcsd_get_thread_id')
ANF: vcsd_get_power_scope_name('../../vcs/work/simv: undefined symbol: vcsd_get_power_scope_name')
ANF: vcsd_begin_no_value_var_info('../../vcs/work/simv: undefined symbol: vcsd_begin_no_value_var_info')
ANF: vcsd_end_no_value_var_info('../../vcs/work/simv: undefined symbol: vcsd_end_no_value_var_info')
ANF: vcsd_remove_xprop_merge_mode_callback('../../vcs/work/simv: undefined symbol: vcsd_remove_xprop_merge_mode_callback')
ANF: vcsd_node_check_native_callback('../../vcs/work/simv: undefined symbol: vcsd_node_check_native_callback')
ANF: vcsd_node_add_native_callback('../../vcs/work/simv: undefined symbol: vcsd_node_add_native_callback')
ANF: vcsdIsNativeVc('../../vcs/work/simv: undefined symbol: vcsdIsNativeVc')
ANF: vhpi_get_cb_info('../../vcs/work/simv: undefined symbol: vhpi_get_cb_info')
ANF: vhpi_free_handle('../../vcs/work/simv: undefined symbol: vhpi_free_handle')
ANF: vhpi_fetch_vcsd_handle('../../vcs/work/simv: undefined symbol: vhpi_fetch_vcsd_handle')
ANF: vhpi_fetch_vpi_handle('../../vcs/work/simv: undefined symbol: vhpi_fetch_vpi_handle')
ANF: vhpi_has_verilog_parent('../../vcs/work/simv: undefined symbol: vhpi_has_verilog_parent')
ANF: vhpi_is_verilog_scope('../../vcs/work/simv: undefined symbol: vhpi_is_verilog_scope')
ANF: scsd_xprop_is_enabled('../../vcs/work/simv: undefined symbol: scsd_xprop_is_enabled')
ANF: scsd_xprop_sig_is_promoted('../../vcs/work/simv: undefined symbol: scsd_xprop_sig_is_promoted')
ANF: scsd_xprop_int_xvalue('../../vcs/work/simv: undefined symbol: scsd_xprop_int_xvalue')
ANF: scsd_xprop_bool_xvalue('../../vcs/work/simv: undefined symbol: scsd_xprop_bool_xvalue')
ANF: scsd_xprop_enum_xvalue('../../vcs/work/simv: undefined symbol: scsd_xprop_enum_xvalue')
ANF: scsd_xprop_register_merge_mode_cb('../../vcs/work/simv: undefined symbol: scsd_xprop_register_merge_mode_cb')
ANF: scsd_xprop_delete_merge_mode_cb('../../vcs/work/simv: undefined symbol: scsd_xprop_delete_merge_mode_cb')
ANF: scsd_xprop_get_merge_mode('../../vcs/work/simv: undefined symbol: scsd_xprop_get_merge_mode')
ANF: scsd_thread_get_info('../../vcs/work/simv: undefined symbol: scsd_thread_get_info')
ANF: scsd_thread_vc_init('../../vcs/work/simv: undefined symbol: scsd_thread_vc_init')
ANF: scsd_master_set_delta_sync_cbk('../../vcs/work/simv: undefined symbol: scsd_master_set_delta_sync_cbk')
ANF: scsd_fgp_get_fsdb_cores('../../vcs/work/simv: undefined symbol: scsd_fgp_get_fsdb_cores')
ANF: msvEnableDumpingMode('../../vcs/work/simv: undefined symbol: msvEnableDumpingMode')
ANF: msvGetVersion('../../vcs/work/simv: undefined symbol: msvGetVersion')
ANF: msvGetInstProp('../../vcs/work/simv: undefined symbol: msvGetInstProp')
ANF: msvIsSpiceEngineReady('../../vcs/work/simv: undefined symbol: msvIsSpiceEngineReady')
ANF: msvSetAddProbeCallback('../../vcs/work/simv: undefined symbol: msvSetAddProbeCallback')
ANF: msvGetInstHandle('../../vcs/work/simv: undefined symbol: msvGetInstHandle')
ANF: msvGetProbeByInst('../../vcs/work/simv: undefined symbol: msvGetProbeByInst')
ANF: msvGetSigHandle('../../vcs/work/simv: undefined symbol: msvGetSigHandle')
ANF: msvGetProbeBySig('../../vcs/work/simv: undefined symbol: msvGetProbeBySig')
ANF: msvGetProbeInfo('../../vcs/work/simv: undefined symbol: msvGetProbeInfo')
ANF: msvRelease('../../vcs/work/simv: undefined symbol: msvRelease')
ANF: msvSetVcCallbackFunc('../../vcs/work/simv: undefined symbol: msvSetVcCallbackFunc')
ANF: msvCheckVcCallback('../../vcs/work/simv: undefined symbol: msvCheckVcCallback')
ANF: msvAddVcCallback('../../vcs/work/simv: undefined symbol: msvAddVcCallback')
ANF: msvRemoveVcCallback('../../vcs/work/simv: undefined symbol: msvRemoveVcCallback')
ANF: msvGetLatestValue('../../vcs/work/simv: undefined symbol: msvGetLatestValue')
ANF: msvSetEndofSimCallback('../../vcs/work/simv: undefined symbol: msvSetEndofSimCallback')
ANF: msvIgnoredProbe('../../vcs/work/simv: undefined symbol: msvIgnoredProbe')
ANF: msvGetThruNetInfo('../../vcs/work/simv: undefined symbol: msvGetThruNetInfo')
ANF: msvFreeThruNetInfo('../../vcs/work/simv: undefined symbol: msvFreeThruNetInfo')
ANF: PI_ace_get_output_time_unit('../../vcs/work/simv: undefined symbol: PI_ace_get_output_time_unit')
ANF: PI_ace_sim_sync('../../vcs/work/simv: undefined symbol: PI_ace_sim_sync')
ANF: msvGetRereadInitFile('../../vcs/work/simv: undefined symbol: msvGetRereadInitFile')
ANF: msvSetBeforeRereadCallback('../../vcs/work/simv: undefined symbol: msvSetBeforeRereadCallback')
ANF: msvSetAfterRereadCallback('../../vcs/work/simv: undefined symbol: msvSetAfterRereadCallback')
ANF: msvSetForceCallback('../../vcs/work/simv: undefined symbol: msvSetForceCallback')
ANF: msvSetReleaseCallback('../../vcs/work/simv: undefined symbol: msvSetReleaseCallback')
ANF: msvGetForceStatus('../../vcs/work/simv: undefined symbol: msvGetForceStatus')
ANF: vdi_fn_trigger_native_init_force('../../vcs/work/simv: undefined symbol: vdi_fn_trigger_native_init_force')
ANF: vdi_set_native_callback('../../vcs/work/simv: undefined symbol: vdi_set_native_callback')
ANF: vdi_fn_check_native_callback('../../vcs/work/simv: undefined symbol: vdi_fn_check_native_callback')
ANF: vdi_fn_add_native_callback('../../vcs/work/simv: undefined symbol: vdi_fn_add_native_callback')
ANF: vhdi_dt_get_type('../../vcs/work/simv: undefined symbol: vhdi_dt_get_type')
ANF: vhdi_dt_get_key('../../vcs/work/simv: undefined symbol: vhdi_dt_get_key')
ANF: vhdi_dt_get_vhdl_enum_info('../../vcs/work/simv: undefined symbol: vhdi_dt_get_vhdl_enum_info')
ANF: vhdi_dt_get_vhdl_physical_info('../../vcs/work/simv: undefined symbol: vhdi_dt_get_vhdl_physical_info')
ANF: vhdi_dt_get_vhdl_array_info('../../vcs/work/simv: undefined symbol: vhdi_dt_get_vhdl_array_info')
ANF: vhdi_dt_get_vhdl_record_info('../../vcs/work/simv: undefined symbol: vhdi_dt_get_vhdl_record_info')
ANF: vhdi_def_traverse_module('../../vcs/work/simv: undefined symbol: vhdi_def_traverse_module')
ANF: vhdi_def_traverse_scope('../../vcs/work/simv: undefined symbol: vhdi_def_traverse_scope')
ANF: vhdi_def_traverse_variable('../../vcs/work/simv: undefined symbol: vhdi_def_traverse_variable')
ANF: vhdi_def_get_module_id_by_vhpi('../../vcs/work/simv: undefined symbol: vhdi_def_get_module_id_by_vhpi')
ANF: vhdi_def_get_handle_by_module_id('../../vcs/work/simv: undefined symbol: vhdi_def_get_handle_by_module_id')
ANF: vhdi_def_get_variable_info_by_vhpi('../../vcs/work/simv: undefined symbol: vhdi_def_get_variable_info_by_vhpi')
ANF: vhdi_def_free('../../vcs/work/simv: undefined symbol: vhdi_def_free')
ANF: vhdi_ist_traverse_scope('../../vcs/work/simv: undefined symbol: vhdi_ist_traverse_scope')
ANF: vhdi_ist_traverse_variable('../../vcs/work/simv: undefined symbol: vhdi_ist_traverse_variable')
ANF: vhdi_ist_convert_by_vhpi('../../vcs/work/simv: undefined symbol: vhdi_ist_convert_by_vhpi')
ANF: vhdi_ist_clone('../../vcs/work/simv: undefined symbol: vhdi_ist_clone')
ANF: vhdi_ist_free('../../vcs/work/simv: undefined symbol: vhdi_ist_free')
ANF: vhdi_ist_hash_key('../../vcs/work/simv: undefined symbol: vhdi_ist_hash_key')
ANF: vhdi_ist_compare('../../vcs/work/simv: undefined symbol: vhdi_ist_compare')
ANF: vhdi_ist_get_value_addr('../../vcs/work/simv: undefined symbol: vhdi_ist_get_value_addr')
ANF: vhdi_set_scsd_callback('../../vcs/work/simv: undefined symbol: vhdi_set_scsd_callback')
ANF: vhdi_cbk_set_force_callback('../../vcs/work/simv: undefined symbol: vhdi_cbk_set_force_callback')
ANF: vhdi_trigger_init_force('../../vcs/work/simv: undefined symbol: vhdi_trigger_init_force')
ANF: vhdi_ist_check_scsd_callback('../../vcs/work/simv: undefined symbol: vhdi_ist_check_scsd_callback')
ANF: vhdi_ist_add_scsd_callback('../../vcs/work/simv: undefined symbol: vhdi_ist_add_scsd_callback')
ANF: vhdi_ist_remove_scsd_callback('../../vcs/work/simv: undefined symbol: vhdi_ist_remove_scsd_callback')
ANF: vhdi_ist_get_scsd_user_data('../../vcs/work/simv: undefined symbol: vhdi_ist_get_scsd_user_data')
ANF: vhdi_add_time_change_callback('../../vcs/work/simv: undefined symbol: vhdi_add_time_change_callback')
ANF: vhdi_get_real_value_by_value_addr('../../vcs/work/simv: undefined symbol: vhdi_get_real_value_by_value_addr')
ANF: vhdi_get_64_value_by_value_addr('../../vcs/work/simv: undefined symbol: vhdi_get_64_value_by_value_addr')
ANF: vhdi_xprop_inst_is_promoted('../../vcs/work/simv: undefined symbol: vhdi_xprop_inst_is_promoted')
ANF: vdi_ist_convert_by_vhdi('../../vcs/work/simv: undefined symbol: vdi_ist_convert_by_vhdi')
ANF: vhdi_ist_get_module_id('../../vcs/work/simv: undefined symbol: vhdi_ist_get_module_id')
ANF: vhdi_refine_foreign_scope_type('../../vcs/work/simv: undefined symbol: vhdi_refine_foreign_scope_type')
ANF: vhdi_flush_callback('../../vcs/work/simv: undefined symbol: vhdi_flush_callback')
ANF: vhdi_set_orig_name('../../vcs/work/simv: undefined symbol: vhdi_set_orig_name')
ANF: vhdi_set_dump_pt('../../vcs/work/simv: undefined symbol: vhdi_set_dump_pt')
ANF: vhdi_get_fsdb_option('../../vcs/work/simv: undefined symbol: vhdi_get_fsdb_option')
ANF: vhdi_fgp_get_mode('../../vcs/work/simv: undefined symbol: vhdi_fgp_get_mode')
ANF: vhdi_node_register_composite_var('../../vcs/work/simv: undefined symbol: vhdi_node_register_composite_var')
ANF: vhdi_node_analysis('../../vcs/work/simv: undefined symbol: vhdi_node_analysis')
ANF: vhdi_node_id('../../vcs/work/simv: undefined symbol: vhdi_node_id')
ANF: vhdi_node_ist_check_scsd_callback('../../vcs/work/simv: undefined symbol: vhdi_node_ist_check_scsd_callback')
ANF: vhdi_node_ist_add_scsd_callback('../../vcs/work/simv: undefined symbol: vhdi_node_ist_add_scsd_callback')
ANF: vhdi_node_ist_get_value_addr('../../vcs/work/simv: undefined symbol: vhdi_node_ist_get_value_addr')
VCS compile option:
 option[0]: ../../vcs/work/simv
 option[1]: -l
 option[2]: ../../vcs/work/log_file/simulate.log
 option[3]: -k
 option[4]: ../../vcs/work/ucli.key
 option[5]: /home/synopsys/vcs-mx/O-2018.09-1/linux64/bin/vcs1
 option[6]: -Mcc=gcc
 option[7]: -Mcplusplus=g++
 option[8]: -Masflags=
 option[9]: -Mcfl= -pipe -fPIC -O -I/home/synopsys/vcs-mx/O-2018.09-1/include 
 option[10]: -Mxcflags= -pipe -fPIC -I/home/synopsys/vcs-mx/O-2018.09-1/include
 option[11]: -Mldflags= -rdynamic 
 option[12]: -Mout=../../vcs/work/simv
 option[13]: -Mamsrun=
 option[14]: -Mvcsaceobjs=
 option[15]: -Mobjects= /home/synopsys/vcs-mx/O-2018.09-1/linux64/lib/liberrorinf.so /home/synopsys/vcs-mx/O-2018.09-1/linux64/lib/libsnpsmalloc.so /home/synopsys/vcs-mx/O-2018.09-1/linux64/lib/libvfs.so /home/synopsys/verdi/Verdi_O-2018.09-SP2/share/PLI/VCS/linux64/pli.a 
 option[16]: -Mexternalobj=
 option[17]: -Msaverestoreobj=/home/synopsys/vcs-mx/O-2018.09-1/linux64/lib/vcs_save_restore_new.o
 option[18]: -Mcrt0=
 option[19]: -Mcrtn=
 option[20]: -Mcsrc=
 option[21]: -Mupdate
 option[22]: -Msyslibs=-ldl -lm 
 option[23]: -l
 option[24]: ../../vcs/work/log_file/elaborate.log
 option[25]: -uum
 option[26]: xilinx_defaultlib.uart_top_tb
 option[27]: xilinx_defaultlib.glbl
 option[28]: -mxunielab
 option[29]: -uni_make
 option[30]: -full64
 option[31]: -Xcbug=0x1
 option[32]: +vcs+lic+wait
 option[33]: -P
 option[34]: /home/synopsys/verdi/Verdi_O-2018.09-SP2/share/PLI/VCS/linux64/novas.tab
 option[35]: -o
 option[36]: ../../vcs/work/simv
 option[37]: -uum
 option[38]: -elaboration_options=/tmp/vcs_20240110114744_49240/elaboptfile_49240
 option[39]: -full64
 option[40]: -picarchive
 option[41]: +vcsd
 option[42]: +itf+/home/synopsys/vcs-mx/O-2018.09-1/linux64/lib/vcsdp.tab
 option[43]: +cli+1
 option[44]: -debug=1
 option[45]: +memcbk
 option[46]: -sverilog
 option[47]: +vpi
 option[48]: -VHDLelab=-mxunielab -uni_make -nc -t ps -licqueue -exe ../../vcs/work/simv -uum -elaboration_options /tmp/vcs_20240110114744_49240/elaboptfile_49240 -picarchive -debug 1 
 option[49]: -gen_obj
 option[50]: -f
 option[51]: ../../vcs/work/simv.daidir/mxopt.db
Chronologic Simulation VCS Release O-2018.09-1_Full64
Linux 3.10.0-1160.105.1.el7.x86_64 #1 SMP Thu Dec 7 15:39:45 UTC 2023 x86_64
CPU cores: 8
Limit information:
======================================
cputime		unlimited
filesize		unlimited
datasize		unlimited
stacksize		unlimited
coredumpsize		0 kbytes
memoryuse		unlimited
vmemoryuse		unlimited
descriptors		4096
memorylocked		64 kbytes
maxproc		4096
======================================
(Special)Runtime environment variables:

Runtime environment variables:
LC_PAPER=en_US.UTF-8
XDG_VTNR=1
XDG_SESSION_ID=1
SSH_AGENT_PID=3292
TERM_PROGRAM=vscode
LC_MONETARY=en_US.UTF-8
HOSTNAME=IC_EDA
UVM_HOME=/home/ICer/my_ic/uvm/uvm_lib/uvm-1.1d
IMSETTINGS_INTEGRATE_DESKTOP=yes
TERM=xterm-256color
XDG_MENU_PREFIX=gnome-
VTE_VERSION=5204
SHELL=/bin/bash
HISTSIZE=1000
MAKEFLAGS=
GNOME_TERMINAL_SCREEN=/org/gnome/Terminal/screen/91f42f3c_ddbf_4170_ad2e_b46dff904b9d
TERM_PROGRAM_VERSION=1.85.1
QUESTASIM_HOME=/home/mentor/questasim
LC_NUMERIC=en_US.UTF-8
QTDIR=/usr/lib/qt-3.3
ORIGINAL_XDG_CURRENT_DESKTOP=GNOME-Classic:GNOME
QTINC=/usr/lib/qt-3.3/include
IMSETTINGS_MODULE=none
QT_GRAPHICSSYSTEM_CHECKED=1
NO_PROXY=localhost,127.0.0.0/8,::1
http_proxy=http://10.182.30.210:7890/
USER=ICer
LD_LIBRARY_PATH=:/home/synopsys/verdi/Verdi_O-2018.09-SP2/share/PLI/lib/LINUX64:/home/synopsys/verdi/Verdi_O-2018.09-SP2/share/PLI/IUS/LINUX64/boot:/home/cadence/INCISIVE152/tools.lnx86/lib:/home/synopsys/verdi/Verdi_O-2018.09-SP2/share/PLI/lib/LINUX64:/home/synopsys/verdi/Verdi_O-2018.09-SP2/share/PLI/IUS/LINUX64/boot:/home/cadence/INCISIVE152/tools.lnx86/lib:/home/synopsys/verdi/Verdi_O-2018.09-SP2/share/PLI/lib/LINUX64:/home/synopsys/verdi/Verdi_O-2018.09-SP2/share/PLI/IUS/LINUX64/boot:/home/cadence/INCISIVE152/tools.lnx86/lib:/home/synopsys/verdi/Verdi_O-2018.09-SP2/share/PLI/lib/LINUX64:/home/synopsys/verdi/Verdi_O-2018.09-SP2/share/PLI/IUS/LINUX64/boot:/home/cadence/INCISIVE152/tools.lnx86/lib:/home/synopsys/verdi/Verdi_O-2018.09-SP2/share/PLI/lib/LINUX64:/home/synopsys/verdi/Verdi_O-2018.09-SP2/share/PLI/IUS/LINUX64/boot:/home/cadence/INCISIVE152/tools.lnx86/lib:/home/synopsys/verdi/Verdi_O-2018.09-SP2/share/PLI/lib/LINUX64:/home/synopsys/verdi/Verdi_O-2018.09-SP2/share/PLI/IUS/LINUX64/boot:/home/cadence/INCISIVE152/tools.lnx86/lib:/home/synopsys/verdi/Verdi_O-2018.09-SP2/share/PLI/lib/LINUX64:/home/synopsys/verdi/Verdi_O-2018.09-SP2/share/PLI/IUS/LINUX64/boot:/home/cadence/INCISIVE152/tools.lnx86/lib
LS_COLORS=rs=0:di=38;5;27:ln=38;5;51:mh=44;38;5;15:pi=40;38;5;11:so=38;5;13:do=38;5;5:bd=48;5;232;38;5;11:cd=48;5;232;38;5;3:or=48;5;232;38;5;9:mi=05;48;5;232;38;5;15:su=48;5;196;38;5;15:sg=48;5;11;38;5;16:ca=48;5;196;38;5;226:tw=48;5;10;38;5;16:ow=48;5;10;38;5;21:st=48;5;21;38;5;15:ex=38;5;34:*.tar=38;5;9:*.tgz=38;5;9:*.arc=38;5;9:*.arj=38;5;9:*.taz=38;5;9:*.lha=38;5;9:*.lz4=38;5;9:*.lzh=38;5;9:*.lzma=38;5;9:*.tlz=38;5;9:*.txz=38;5;9:*.tzo=38;5;9:*.t7z=38;5;9:*.zip=38;5;9:*.z=38;5;9:*.Z=38;5;9:*.dz=38;5;9:*.gz=38;5;9:*.lrz=38;5;9:*.lz=38;5;9:*.lzo=38;5;9:*.xz=38;5;9:*.bz2=38;5;9:*.bz=38;5;9:*.tbz=38;5;9:*.tbz2=38;5;9:*.tz=38;5;9:*.deb=38;5;9:*.rpm=38;5;9:*.jar=38;5;9:*.war=38;5;9:*.ear=38;5;9:*.sar=38;5;9:*.rar=38;5;9:*.alz=38;5;9:*.ace=38;5;9:*.zoo=38;5;9:*.cpio=38;5;9:*.7z=38;5;9:*.rz=38;5;9:*.cab=38;5;9:*.jpg=38;5;13:*.jpeg=38;5;13:*.gif=38;5;13:*.bmp=38;5;13:*.pbm=38;5;13:*.pgm=38;5;13:*.ppm=38;5;13:*.tga=38;5;13:*.xbm=38;5;13:*.xpm=38;5;13:*.tif=38;5;13:*.tiff=38;5;13:*.png=38;5;13:*.svg=38;5;13:*.svgz=38;5;13:*.mng=38;5;13:*.pcx=38;5;13:*.mov=38;5;13:*.mpg=38;5;13:*.mpeg=38;5;13:*.m2v=38;5;13:*.mkv=38;5;13:*.webm=38;5;13:*.ogm=38;5;13:*.mp4=38;5;13:*.m4v=38;5;13:*.mp4v=38;5;13:*.vob=38;5;13:*.qt=38;5;13:*.nuv=38;5;13:*.wmv=38;5;13:*.asf=38;5;13:*.rm=38;5;13:*.rmvb=38;5;13:*.flc=38;5;13:*.avi=38;5;13:*.fli=38;5;13:*.flv=38;5;13:*.gl=38;5;13:*.dl=38;5;13:*.xcf=38;5;13:*.xwd=38;5;13:*.yuv=38;5;13:*.cgm=38;5;13:*.emf=38;5;13:*.axv=38;5;13:*.anx=38;5;13:*.ogv=38;5;13:*.ogx=38;5;13:*.aac=38;5;45:*.au=38;5;45:*.flac=38;5;45:*.mid=38;5;45:*.midi=38;5;45:*.mka=38;5;45:*.mp3=38;5;45:*.mpc=38;5;45:*.ogg=38;5;45:*.ra=38;5;45:*.wav=38;5;45:*.axa=38;5;45:*.oga=38;5;45:*.spx=38;5;45:*.xspf=38;5;45:
GNOME_TERMINAL_SERVICE=:1.507
MAKE_TERMOUT=/dev/pts/1
SSH_AUTH_SOCK=/run/user/1000/keyring/ssh
DVE_HOME=/home/synopsys/vcs-mx/O-2018.09-1
MAKELEVEL=1
SESSION_MANAGER=local/unix:@/tmp/.ICE-unix/3157,unix/unix:/tmp/.ICE-unix/3157
USERNAME=ICer
SNPSLMD_LICENSE_FILE=27000@IC_EDA
MMSIMHOME=/home/cadence/MMSIM151
MFLAGS=
ALL_PROXY=socks://10.182.30.210:7890/
GNOME_SHELL_SESSION_MODE=classic
all_proxy=socks://10.182.30.210:7890/
PATH=/home/Xilinx/SDK/2019.1/bin:/home/Xilinx/SDK/2019.1/gnu/microblaze/lin/bin:/home/Xilinx/SDK/2019.1/gnu/arm/lin/bin:/home/Xilinx/SDK/2019.1/gnu/microblaze/linux_toolchain/lin64_le/bin:/home/Xilinx/SDK/2019.1/gnu/aarch32/lin/gcc-arm-linux-gnueabi/bin:/home/Xilinx/SDK/2019.1/gnu/aarch32/lin/gcc-arm-none-eabi/bin:/home/Xilinx/SDK/2019.1/gnu/aarch64/lin/aarch64-linux/bin:/home/Xilinx/SDK/2019.1/gnu/aarch64/lin/aarch64-none/bin:/home/Xilinx/SDK/2019.1/gnu/armr5/lin/gcc-arm-none-eabi/bin:/home/Xilinx/SDK/2019.1/tps/lnx64/cmake-3.3.2/bin:/home/Xilinx/Vivado/2019.1/bin:/home/Xilinx/DocNav:/home/Xilinx/SDK/2019.1/bin:/home/Xilinx/SDK/2019.1/gnu/microblaze/lin/bin:/home/Xilinx/SDK/2019.1/gnu/arm/lin/bin:/home/Xilinx/SDK/2019.1/gnu/microblaze/linux_toolchain/lin64_le/bin:/home/Xilinx/SDK/2019.1/gnu/aarch32/lin/gcc-arm-linux-gnueabi/bin:/home/Xilinx/SDK/2019.1/gnu/aarch32/lin/gcc-arm-none-eabi/bin:/home/Xilinx/SDK/2019.1/gnu/aarch64/lin/aarch64-linux/bin:/home/Xilinx/SDK/2019.1/gnu/aarch64/lin/aarch64-none/bin:/home/Xilinx/SDK/2019.1/gnu/armr5/lin/gcc-arm-none-eabi/bin:/home/Xilinx/SDK/2019.1/tps/lnx64/cmake-3.3.2/bin:/home/Xilinx/Vivado/2019.1/bin:/home/Xilinx/DocNav:/home/Xilinx/SDK/2019.1/bin:/home/Xilinx/SDK/2019.1/gnu/microblaze/lin/bin:/home/Xilinx/SDK/2019.1/gnu/arm/lin/bin:/home/Xilinx/SDK/2019.1/gnu/microblaze/linux_toolchain/lin64_le/bin:/home/Xilinx/SDK/2019.1/gnu/aarch32/lin/gcc-arm-linux-gnueabi/bin:/home/Xilinx/SDK/2019.1/gnu/aarch32/lin/gcc-arm-none-eabi/bin:/home/Xilinx/SDK/2019.1/gnu/aarch64/lin/aarch64-linux/bin:/home/Xilinx/SDK/2019.1/gnu/aarch64/lin/aarch64-none/bin:/home/Xilinx/SDK/2019.1/gnu/armr5/lin/gcc-arm-none-eabi/bin:/home/Xilinx/SDK/2019.1/tps/lnx64/cmake-3.3.2/bin:/home/Xilinx/Vivado/2019.1/bin:/home/Xilinx/DocNav:/home/Xilinx/SDK/2019.1/bin:/home/Xilinx/SDK/2019.1/gnu/microblaze/lin/bin:/home/Xilinx/SDK/2019.1/gnu/arm/lin/bin:/home/Xilinx/SDK/2019.1/gnu/microblaze/linux_toolchain/lin64_le/bin:/home/Xilinx/SDK/2019.1/gnu/aarch32/lin/gcc-arm-linux-gnueabi/bin:/home/Xilinx/SDK/2019.1/gnu/aarch32/lin/gcc-arm-none-eabi/bin:/home/Xilinx/SDK/2019.1/gnu/aarch64/lin/aarch64-linux/bin:/home/Xilinx/SDK/2019.1/gnu/aarch64/lin/aarch64-none/bin:/home/Xilinx/SDK/2019.1/gnu/armr5/lin/gcc-arm-none-eabi/bin:/home/Xilinx/SDK/2019.1/tps/lnx64/cmake-3.3.2/bin:/home/Xilinx/Vivado/2019.1/bin:/home/Xilinx/DocNav:/home/Xilinx/SDK/2019.1/bin:/home/Xilinx/SDK/2019.1/gnu/microblaze/lin/bin:/home/Xilinx/SDK/2019.1/gnu/arm/lin/bin:/home/Xilinx/SDK/2019.1/gnu/microblaze/linux_toolchain/lin64_le/bin:/home/Xilinx/SDK/2019.1/gnu/aarch32/lin/gcc-arm-linux-gnueabi/bin:/home/Xilinx/SDK/2019.1/gnu/aarch32/lin/gcc-arm-none-eabi/bin:/home/Xilinx/SDK/2019.1/gnu/aarch64/lin/aarch64-linux/bin:/home/Xilinx/SDK/2019.1/gnu/aarch64/lin/aarch64-none/bin:/home/Xilinx/SDK/2019.1/gnu/armr5/lin/gcc-arm-none-eabi/bin:/home/Xilinx/SDK/2019.1/tps/lnx64/cmake-3.3.2/bin:/home/Xilinx/Vivado/2019.1/bin:/home/Xilinx/DocNav:/home/Xilinx/SDK/2019.1/bin:/home/Xilinx/SDK/2019.1/gnu/microblaze/lin/bin:/home/Xilinx/SDK/2019.1/gnu/arm/lin/bin:/home/Xilinx/SDK/2019.1/gnu/microblaze/linux_toolchain/lin64_le/bin:/home/Xilinx/SDK/2019.1/gnu/aarch32/lin/gcc-arm-linux-gnueabi/bin:/home/Xilinx/SDK/2019.1/gnu/aarch32/lin/gcc-arm-none-eabi/bin:/home/Xilinx/SDK/2019.1/gnu/aarch64/lin/aarch64-linux/bin:/home/Xilinx/SDK/2019.1/gnu/aarch64/lin/aarch64-none/bin:/home/Xilinx/SDK/2019.1/gnu/armr5/lin/gcc-arm-none-eabi/bin:/home/Xilinx/SDK/2019.1/tps/lnx64/cmake-3.3.2/bin:/home/Xilinx/Vivado/2019.1/bin:/home/Xilinx/DocNav:/home/Xilinx/SDK/2019.1/bin:/home/Xilinx/SDK/2019.1/gnu/microblaze/lin/bin:/home/Xilinx/SDK/2019.1/gnu/arm/lin/bin:/home/Xilinx/SDK/2019.1/gnu/microblaze/linux_toolchain/lin64_le/bin:/home/Xilinx/SDK/2019.1/gnu/aarch32/lin/gcc-arm-linux-gnueabi/bin:/home/Xilinx/SDK/2019.1/gnu/aarch32/lin/gcc-arm-none-eabi/bin:/home/Xilinx/SDK/2019.1/gnu/aarch64/lin/aarch64-linux/bin:/home/Xilinx/SDK/2019.1/gnu/aarch64/lin/aarch64-none/bin:/home/Xilinx/SDK/2019.1/gnu/armr5/lin/gcc-arm-none-eabi/bin:/home/Xilinx/SDK/2019.1/tps/lnx64/cmake-3.3.2/bin:/home/Xilinx/Vivado/2019.1/bin:/home/Xilinx/DocNav:/usr/lib/qt-3.3/bin:/usr/local/bin:/usr/local/sbin:/usr/bin:/usr/sbin:/bin:/sbin:/home/Xilinx/Vivado/2019.1/bin:/home/synopsys/fpga/N-2018.03-SP1/bin:/home/synopsys/pts/O-2018.06-SP1/bin:/home/synopsys/icc2/O-2018.06-SP1/bin:/home/synopsys/syn/O-2018.06-SP1/bin:/home/synopsys/lc/O-2018.06-SP1/bin:/home/synopsys/SpyGlass-L2016.06/SPYGLASS_HOME//bin:/home/synopsys/vcs-mx/O-2018.09-1/gui/dve/bin:/home/synopsys/vcs-mx/O-2018.09-1/bin:/home/synopsys/verdi/Verdi_O-2018.09-SP2/bin:/home/synopsys/scl/2018.06/linux64/bin::/home/cadence/IC617/tools/dfII/bin:/home/cadence/IC617/tools/plot/bin:/home/cadence/INCISIVE152/tools/bin:/home/cadence/MMSIM151/bin:/home/cadence/MMSIM151/tools/relxpert/bin:/home/cadence/INCISIVE152/bin:/home/cadence/INCISIVE152/tools.lnx86/bin:/home/cadence/INCISIVE152/tools.lnx86/dfII/bin:/home/mentor/questasim/linux_x86_64:/home/Riscv_Tools/bin:/home/Riscv_Tools/riscv-gnu-toolchain/qemu-6.0.0/build/riscv32-linux-user:/home/synopsys/lc/O-2018.06-SP1/admin/install/lc/bin:/home/Xilinx/Vivado/2019.1/bin:/home/ICer/my_ic/k7_quesasim_libs:/opt/Zotero_linux-x86_64:/opt/eclipse:/home/synopsys/fpga/N-2018.03-SP1/bin:/home/synopsys/pts/O-2018.06-SP1/bin:/home/synopsys/icc2/O-2018.06-SP1/bin:/home/synopsys/syn/O-2018.06-SP1/bin:/home/synopsys/lc/O-2018.06-SP1/bin:/home/synopsys/SpyGlass-L2016.06/SPYGLASS_HOME//bin:/home/synopsys/vcs-mx/O-2018.09-1/gui/dve/bin:/home/synopsys/vcs-mx/O-2018.09-1/bin:/home/synopsys/verdi/Verdi_O-2018.09-SP2/bin:/home/synopsys/scl/2018.06/linux64/bin::/home/cadence/IC617/tools/dfII/bin:/home/cadence/IC617/tools/plot/bin:/home/cadence/INCISIVE152/tools/bin:/home/cadence/MMSIM151/bin:/home/cadence/MMSIM151/tools/relxpert/bin:/home/cadence/INCISIVE152/bin:/home/cadence/INCISIVE152/tools.lnx86/bin:/home/cadence/INCISIVE152/tools.lnx86/dfII/bin:/home/mentor/questasim/linux_x86_64:/home/Riscv_Tools/bin:/home/Riscv_Tools/riscv-gnu-toolchain/qemu-6.0.0/build/riscv32-linux-user:/home/synopsys/lc/O-2018.06-SP1/admin/install/lc/bin:/home/Xilinx/Vivado/2019.1/bin:/home/ICer/my_ic/k7_quesasim_libs:/opt/Zotero_linux-x86_64:/opt/eclipse:/home/synopsys/fpga/N-2018.03-SP1/bin:/home/synopsys/pts/O-2018.06-SP1/bin:/home/synopsys/icc2/O-2018.06-SP1/bin:/home/synopsys/syn/O-2018.06-SP1/bin:/home/synopsys/lc/O-2018.06-SP1/bin:/home/synopsys/SpyGlass-L2016.06/SPYGLASS_HOME//bin:/home/synopsys/vcs-mx/O-2018.09-1/gui/dve/bin:/home/synopsys/vcs-mx/O-2018.09-1/bin:/home/synopsys/verdi/Verdi_O-2018.09-SP2/bin:/home/synopsys/scl/2018.06/linux64/bin::/home/cadence/IC617/tools/dfII/bin:/home/cadence/IC617/tools/plot/bin:/home/cadence/INCISIVE152/tools/bin:/home/cadence/MMSIM151/bin:/home/cadence/MMSIM151/tools/relxpert/bin:/home/cadence/INCISIVE152/bin:/home/cadence/INCISIVE152/tools.lnx86/bin:/home/cadence/INCISIVE152/tools.lnx86/dfII/bin:/home/mentor/questasim/linux_x86_64:/home/Riscv_Tools/bin:/home/Riscv_Tools/riscv-gnu-toolchain/qemu-6.0.0/build/riscv32-linux-user:/home/synopsys/lc/O-2018.06-SP1/admin/install/lc/bin:/home/Xilinx/Vivado/2019.1/bin:/home/ICer/my_ic/k7_quesasim_libs:/opt/Zotero_linux-x86_64:/opt/eclipse:/home/synopsys/fpga/N-2018.03-SP1/bin:/home/synopsys/pts/O-2018.06-SP1/bin:/home/synopsys/icc2/O-2018.06-SP1/bin:/home/synopsys/syn/O-2018.06-SP1/bin:/home/synopsys/lc/O-2018.06-SP1/bin:/home/synopsys/SpyGlass-L2016.06/SPYGLASS_HOME//bin:/home/synopsys/vcs-mx/O-2018.09-1/gui/dve/bin:/home/synopsys/vcs-mx/O-2018.09-1/bin:/home/synopsys/verdi/Verdi_O-2018.09-SP2/bin:/home/synopsys/scl/2018.06/linux64/bin::/home/cadence/IC617/tools/dfII/bin:/home/cadence/IC617/tools/plot/bin:/home/cadence/INCISIVE152/tools/bin:/home/cadence/MMSIM151/bin:/home/cadence/MMSIM151/tools/relxpert/bin:/home/cadence/INCISIVE152/bin:/home/cadence/INCISIVE152/tools.lnx86/bin:/home/cadence/INCISIVE152/tools.lnx86/dfII/bin:/home/mentor/questasim/linux_x86_64:/home/Riscv_Tools/bin:/home/Riscv_Tools/riscv-gnu-toolchain/qemu-6.0.0/build/riscv32-linux-user:/home/synopsys/lc/O-2018.06-SP1/admin/install/lc/bin:/home/Xilinx/Vivado/2019.1/bin:/home/ICer/my_ic/k7_quesasim_libs:/opt/Zotero_linux-x86_64:/opt/eclipse:/home/synopsys/fpga/N-2018.03-SP1/bin:/home/synopsys/pts/O-2018.06-SP1/bin:/home/synopsys/icc2/O-2018.06-SP1/bin:/home/synopsys/syn/O-2018.06-SP1/bin:/home/synopsys/lc/O-2018.06-SP1/bin:/home/synopsys/SpyGlass-L2016.06/SPYGLASS_HOME//bin:/home/synopsys/vcs-mx/O-2018.09-1/gui/dve/bin:/home/synopsys/vcs-mx/O-2018.09-1/bin:/home/synopsys/verdi/Verdi_O-2018.09-SP2/bin:/home/synopsys/scl/2018.06/linux64/bin::/home/cadence/IC617/tools/dfII/bin:/home/cadence/IC617/tools/plot/bin:/home/cadence/INCISIVE152/tools/bin:/home/cadence/MMSIM151/bin:/home/cadence/MMSIM151/tools/relxpert/bin:/home/cadence/INCISIVE152/bin:/home/cadence/INCISIVE152/tools.lnx86/bin:/home/cadence/INCISIVE152/tools.lnx86/dfII/bin:/home/mentor/questasim/linux_x86_64:/home/Riscv_Tools/bin:/home/Riscv_Tools/riscv-gnu-toolchain/qemu-6.0.0/build/riscv32-linux-user:/home/synopsys/lc/O-2018.06-SP1/admin/install/lc/bin:/home/Xilinx/Vivado/2019.1/bin:/home/ICer/my_ic/k7_quesasim_libs:/opt/Zotero_linux-x86_64:/opt/eclipse:/home/synopsys/fpga/N-2018.03-SP1/bin:/home/synopsys/pts/O-2018.06-SP1/bin:/home/synopsys/icc2/O-2018.06-SP1/bin:/home/synopsys/syn/O-2018.06-SP1/bin:/home/synopsys/lc/O-2018.06-SP1/bin:/home/synopsys/SpyGlass-L2016.06/SPYGLASS_HOME//bin:/home/synopsys/vcs-mx/O-2018.09-1/gui/dve/bin:/home/synopsys/vcs-mx/O-2018.09-1/bin:/home/synopsys/verdi/Verdi_O-2018.09-SP2/bin:/home/synopsys/scl/2018.06/linux64/bin::/home/cadence/IC617/tools/dfII/bin:/home/cadence/IC617/tools/plot/bin:/home/cadence/INCISIVE152/tools/bin:/home/cadence/MMSIM151/bin:/home/cadence/MMSIM151/tools/relxpert/bin:/home/cadence/INCISIVE152/bin:/home/cadence/INCISIVE152/tools.lnx86/bin:/home/cadence/INCISIVE152/tools.lnx86/dfII/bin:/home/mentor/questasim/linux_x86_64:/home/Riscv_Tools/bin:/home/Riscv_Tools/riscv-gnu-toolchain/qemu-6.0.0/build/riscv32-linux-user:/home/synopsys/lc/O-2018.06-SP1/admin/install/lc/bin:/home/Xilinx/Vivado/2019.1/bin:/home/ICer/my_ic/k7_quesasim_libs:/opt/Zotero_linux-x86_64:/opt/eclipse:/home/synopsys/fpga/N-2018.03-SP1/bin:/home/synopsys/pts/O-2018.06-SP1/bin:/home/synopsys/icc2/O-2018.06-SP1/bin:/home/synopsys/syn/O-2018.06-SP1/bin:/home/synopsys/lc/O-2018.06-SP1/bin:/home/synopsys/SpyGlass-L2016.06/SPYGLASS_HOME//bin:/home/synopsys/vcs-mx/O-2018.09-1/gui/dve/bin:/home/synopsys/vcs-mx/O-2018.09-1/bin:/home/synopsys/verdi/Verdi_O-2018.09-SP2/bin:/home/synopsys/scl/2018.06/linux64/bin::/home/cadence/IC617/tools/dfII/bin:/home/cadence/IC617/tools/plot/bin:/home/cadence/INCISIVE152/tools/bin:/home/cadence/MMSIM151/bin:/home/cadence/MMSIM151/tools/relxpert/bin:/home/cadence/INCISIVE152/bin:/home/cadence/INCISIVE152/tools.lnx86/bin:/home/cadence/INCISIVE152/tools.lnx86/dfII/bin:/home/mentor/questasim/linux_x86_64:/home/Riscv_Tools/bin:/home/Riscv_Tools/riscv-gnu-toolchain/qemu-6.0.0/build/riscv32-linux-user:/home/synopsys/lc/O-2018.06-SP1/admin/install/lc/bin:/home/Xilinx/Vivado/2019.1/bin:/home/ICer/my_ic/k7_quesasim_libs:/opt/Zotero_linux-x86_64:/opt/eclipse
MAIL=/var/spool/mail/ICer
NOVAS_RC=/home/ICer/verdi_setting/novas.rc
DESKTOP_SESSION=gnome-classic
PT_HOME=/home/synopsys/pts/O-2018.06-SP1
QT_IM_MODULE=ibus
VERDI_HOME=/home/synopsys/verdi/Verdi_O-2018.09-SP2
CALIBRE_HOME=/home/mentor//Calibre2015/aoi_cal_2015.2_36.27
PWD=/home/ICer/my_ic/project/uart_demo_prj/vcs/work
MGC_CALIBRE_LAYOUT_SERVER=IC_EDA:9189
XDG_SESSION_TYPE=x11
SANDBOX_LD_LIBRARY_PATH=:/home/synopsys/verdi/Verdi_O-2018.09-SP2/share/PLI/lib/LINUX64:/home/synopsys/verdi/Verdi_O-2018.09-SP2/share/PLI/IUS/LINUX64/boot:/home/cadence/INCISIVE152/tools.lnx86/lib
VCS_HOME=/home/synopsys/vcs-mx/O-2018.09-1
XMODIFIERS=@im=ibus
LANG=en_US.UTF-8
MGC_CALIBRE_SCHEMATIC_SERVER=IC_EDA:9199
GDK_BACKEND=x11
GDM_LANG=en_US.UTF-8
LC_MEASUREMENT=en_US.UTF-8
VCS_ARCH_OVERRIDE=linux
KDEDIRS=/usr
CHROME_DESKTOP=code-url-handler.desktop
VSCODE_GIT_ASKPASS_EXTRA_ARGS=--ms-enable-electron-run-as-node
CDSHOME=/home/cadence/IC617
QEMU_HOME=/home/Riscv_Tools/riscv-gnu-toolchain/qemu-6.0.0
https_proxy=http://10.182.30.210:7890/
HTTPS_PROXY=http://10.182.30.210:7890/
XILINX_VIVADO=/home/Xilinx/Vivado/2019.1
GDMSESSION=gnome-classic
SPECMAN_HOME=/home/cadence/INCISIVE152/components/sn
HISTCONTROL=ignoredups
SHLVL=5
RISCV=/home/Riscv_Tools
XDG_SEAT=seat0
HOME=/home/ICer
VSCODE_GIT_ASKPASS_MAIN=/usr/share/code/resources/app/extensions/git/dist/askpass-main.js
ICC2_HOME=/home/synopsys/icc2/O-2018.06-SP1
MGC_HOME=/home/mentor/
GNOME_DESKTOP_SESSION_ID=this-is-deprecated
MGC_LICENSE_FILE=/home/mentor//license/license.dat
no_proxy=localhost,127.0.0.0/8,::1
CADHOME=/home/cadence
HTTP_PROXY=http://10.182.30.210:7890/
EUCLIDE_HOME=/opt/eclipse
DC_HOME=/home/synopsys/syn/O-2018.06-SP1
LOGNAME=ICer
XDG_SESSION_DESKTOP=gnome-classic
MAKE_TERMERR=/dev/pts/1
SPYGLASS_HOME=/home/synopsys/SpyGlass-L2016.06/SPYGLASS_HOME/
QTLIB=/usr/lib/qt-3.3/lib
MGLS_LICENSE_FILE=/home/mentor/questasim/mentor.dat
VSCODE_GIT_IPC_HANDLE=/run/user/1000/vscode-git-97941bc3ea.sock
DBUS_SESSION_BUS_ADDRESS=unix:abstract=/tmp/dbus-2mOWuLLXKH,guid=d2d6d135717b2c6b1a1fd6c8659e3758
XDG_DATA_DIRS=/home/ICer/.local/share/flatpak/exports/share/:/var/lib/flatpak/exports/share/:/usr/local/share/:/usr/share/
CDS_LIC_FILE=/home/cadence/license/cadence.dat
LESSOPEN=||/usr/bin/lesspipe.sh %s
SPECMAN_DIR=/home/cadence/INCISIVE152/components/sn/
SCL_HOME=/home/synopsys/scl/2018.06
WINDOWPATH=1
SBX_CHROME_API_RQ=1
GIT_ASKPASS=/usr/share/code/resources/app/extensions/git/dist/askpass.sh
VSCODE_GIT_ASKPASS_NODE=/usr/share/code/code
ZOTERO_HOME=/opt/Zotero_linux-x86_64
DISPLAY=:0
SYNPLIFY_HOME=/home/synopsys/fpga/N-2018.03-SP1
XDG_RUNTIME_DIR=/run/user/1000
LC_HOME=/home/synopsys/lc/O-2018.06-SP1
QT_PLUGIN_PATH=/usr/lib64/kde4/plugins:/usr/lib/kde4/plugins
INCISIVE_HOME=/home/cadence/INCISIVE152
XDG_CURRENT_DESKTOP=GNOME-Classic:GNOME
LC_TIME=en_US.UTF-8
NO_AT_BRIDGE=1
CDS_INST_DIR=/home/cadence/IC617
COLORTERM=truecolor
XAUTHORITY=/run/gdm/auth-for-ICer-Yu8zTj/database
_=../../vcs/work/simv
VCS_HEAP_EXEC=true
VCS_PATHMAP_PRELOAD_DONE=1
VCS_STACK_EXEC=true
VCS_EXEC_DONE=1
LC_ALL=C
DVE=/home/synopsys/vcs-mx/O-2018.09-1/gui/dve
SPECMAN_OUTPUT_TO_TTY=1
Runtime command line arguments:
argv[0]=../../vcs/work/simv
argv[1]=-l
argv[2]=../../vcs/work/log_file/simulate.log
argv[3]=-k
argv[4]=../../vcs/work/ucli.key
314 profile - 100
          CPU/Mem usage: 0.040 sys,  0.190 user,  244.86M mem
315 Wed Jan 10 19:47:46 2024
316 pliAppInit
317 FSDB_GATE is set.
318 FSDB_RTL is set.
319 Enable Parallel Dumping.
320 pliAppMiscSet: New Sim Round
321 pliEntryInit
322 LIBSSCORE=found /home/synopsys/verdi/Verdi_O-2018.09-SP2/share/PLI/lib/LINUXAMD64/libsscore_vcs201809.so through $NOVAS_HOME setting.
323 FSDB Dumper for VCS, Release Verdi_O-2018.09-SP2, Linux x86_64/64bit, 02/21/2019
324 (C) 1996 - 2019 by Synopsys, Inc.
325 sps_call_fsdbDumpfile_main at 0 : ../../src/tb/uart_top_tb.v(80)
326 argv[0]: (simv.fsdb)
327 *Verdi* FSDB WARNING: The FSDB file already exists. Overwriting the FSDB file may crash the programs that are using this file.
328 *Verdi* : Create FSDB file 'simv.fsdb'
329 compile option from '/home/ICer/my_ic/project/uart_demo_prj/vcs/work/simv.daidir/vcs_rebuild'.
330   "vcs '-full64' '-debug_pp' '-t' 'ps' '-licqueue' '-l' '../../vcs/work/log_file/elaborate.log' '-P' '/home/synopsys/verdi/Verdi_O-2018.09-SP2/share/PLI/VCS/linux64/novas.tab' '/home/synopsys/verdi/Verdi_O-2018.09-SP2/share/PLI/VCS/linux64/pli.a' 'xilinx_defaultlib.uart_top_tb' 'xilinx_defaultlib.glbl' '-sverilog' '-Mupdate' '-o' '../../vcs/work/simv' "-Xrebuild" "-makedepends=Makefile.Msimdepends""
331   "gmake -f Makefile.Msimdepends"
332   "vcs '-full64' '-debug_pp' '-t' 'ps' '-licqueue' '-l' '../../vcs/work/log_file/elaborate.log' '-P' '/home/synopsys/verdi/Verdi_O-2018.09-SP2/share/PLI/VCS/linux64/novas.tab' '/home/synopsys/verdi/Verdi_O-2018.09-SP2/share/PLI/VCS/linux64/pli.a' 'xilinx_defaultlib.uart_top_tb' 'xilinx_defaultlib.glbl' '-sverilog' '-Mupdate' '-o' '../../vcs/work/simv' 2>&1"
333 FSDB_VCS_ENABLE_FAST_VC is enable
334 sps_call_fsdbDumpvars_vd_main at 0 : ../../src/tb/uart_top_tb.v(81)
335 [spi_vcs_vd_ppi_create_root]: no upf option
336 FSDB dumper cannot dump UPF related power signal ($power_tree): no ppiPowerNetwork.
337 *Verdi* : Begin traversing the scopes, layer (0).
338 *Verdi* : End of traversing.
339 pliAppHDL_DumpVarComplete traverse var: profile - 
          CPU/Mem usage: 0.060 sys,  0.200 user,  340.15M mem
                   incr: 0.010 sys,  0.010 user,  7.75M mem
                   accu: 0.010 sys,  0.010 user,  7.75M mem
              accu incr: 0.010 sys,  0.010 user,  7.75M mem

          Count usage: 665 var,  582 idcode,  525 callback
                 incr: 665 var,  582 idcode,  525 callback
                 accu: 665 var,  582 idcode,  525 callback
            accu incr: 665 var,  582 idcode,  525 callback
340 Wed Jan 10 19:47:47 2024
341 pliAppHDL_DumpVarComplete: profile - 
          CPU/Mem usage: 0.060 sys,  0.200 user,  341.20M mem
                   incr: 0.000 sys,  0.000 user,  1.05M mem
                   accu: 0.010 sys,  0.010 user,  8.80M mem
              accu incr: 0.000 sys,  0.000 user,  1.05M mem

          Count usage: 665 var,  582 idcode,  525 callback
                 incr: 0 var,  0 idcode,  0 callback
                 accu: 665 var,  582 idcode,  525 callback
            accu incr: 0 var,  0 idcode,  0 callback
342 Wed Jan 10 19:47:47 2024
343 End of simulation at 10000000
344 Wed Jan 10 19:47:47 2024
345 Begin FSDB profile info:
346 FSDB Writer : bc1(518854) bcn(62028) mtf/stf(0/0)
FSDB Writer elapsed time : flush(0.024765) io wait(0.000000) theadpool wait(0.000000) target functin(0.000000)
FSDB Writer cpu time : MT Compression : 0
347 End FSDB profile info
348 Parallel profile    -  Flush:3 Expand:0 ProduceWait:0 ConsumerWait:0 BlockUsed:3
349                        ProduceTime:0.311341148 ConsumerTime:0.028115604 Buffer:64MB
350 SimExit
351 Sim process exit
