Command: vlogan +incdir+/home/ICer/my_ic/lib/uvm/uvm_lib/uvm-1.1d/src /home/ICer/my_ic/lib/uvm/uvm_lib/uvm-1.1d/src/dpi/uvm_dpi.cc \
/home/ICer/my_ic/lib/uvm/uvm_lib/uvm-1.1d/src/uvm_pkg.sv /home/ICer/my_ic/project/wild_fire/src \
/home/ICer/my_ic/project/wild_fire/src/glbl/ +v2k -work xilinx_defaultlib -l /home/ICer/my_ic/project/wild_fire/vcs/work/log_file/compile.log \
+define+SIMULATION_EN -sverilog +lint=DSFIF +define+FSDB -f /home/ICer/my_ic/project/wild_fire/vcs/work/vcs_all_file.list \

                         Chronologic VCS (TM)
           Version O-2018.09-1 -- Mon Jan 15 15:32:22 2024
               Copyright (c) 1991-2018 by Synopsys Inc.
                         ALL RIGHTS RESERVED

This program is proprietary and confidential information of Synopsys Inc.
and may be used and disclosed only as authorized in a license agreement
controlling such use and disclosure.

Parsing design file '/home/ICer/my_ic/lib/uvm/uvm_lib/uvm-1.1d/src/uvm_pkg.sv'
Parsing included file '/home/ICer/my_ic/lib/uvm/uvm_lib/uvm-1.1d/src/uvm_macros.svh'.
Parsing included file '/home/ICer/my_ic/lib/uvm/uvm_lib/uvm-1.1d/src/macros/uvm_version_defines.svh'.
Back to file '/home/ICer/my_ic/lib/uvm/uvm_lib/uvm-1.1d/src/uvm_macros.svh'.
Parsing included file '/home/ICer/my_ic/lib/uvm/uvm_lib/uvm-1.1d/src/macros/uvm_message_defines.svh'.
Back to file '/home/ICer/my_ic/lib/uvm/uvm_lib/uvm-1.1d/src/uvm_macros.svh'.
Parsing included file '/home/ICer/my_ic/lib/uvm/uvm_lib/uvm-1.1d/src/macros/uvm_phase_defines.svh'.
Back to file '/home/ICer/my_ic/lib/uvm/uvm_lib/uvm-1.1d/src/uvm_macros.svh'.
Parsing included file '/home/ICer/my_ic/lib/uvm/uvm_lib/uvm-1.1d/src/macros/uvm_object_defines.svh'.
Back to file '/home/ICer/my_ic/lib/uvm/uvm_lib/uvm-1.1d/src/uvm_macros.svh'.
Parsing included file '/home/ICer/my_ic/lib/uvm/uvm_lib/uvm-1.1d/src/macros/uvm_printer_defines.svh'.
Back to file '/home/ICer/my_ic/lib/uvm/uvm_lib/uvm-1.1d/src/uvm_macros.svh'.
Parsing included file '/home/ICer/my_ic/lib/uvm/uvm_lib/uvm-1.1d/src/macros/uvm_tlm_defines.svh'.
Parsing included file '/home/ICer/my_ic/lib/uvm/uvm_lib/uvm-1.1d/src/tlm1/uvm_tlm_imps.svh'.
Back to file '/home/ICer/my_ic/lib/uvm/uvm_lib/uvm-1.1d/src/macros/uvm_tlm_defines.svh'.
Back to file '/home/ICer/my_ic/lib/uvm/uvm_lib/uvm-1.1d/src/uvm_macros.svh'.
Parsing included file '/home/ICer/my_ic/lib/uvm/uvm_lib/uvm-1.1d/src/macros/uvm_sequence_defines.svh'.
Back to file '/home/ICer/my_ic/lib/uvm/uvm_lib/uvm-1.1d/src/uvm_macros.svh'.
Parsing included file '/home/ICer/my_ic/lib/uvm/uvm_lib/uvm-1.1d/src/macros/uvm_callback_defines.svh'.
Back to file '/home/ICer/my_ic/lib/uvm/uvm_lib/uvm-1.1d/src/uvm_macros.svh'.
Parsing included file '/home/ICer/my_ic/lib/uvm/uvm_lib/uvm-1.1d/src/macros/uvm_reg_defines.svh'.
Back to file '/home/ICer/my_ic/lib/uvm/uvm_lib/uvm-1.1d/src/uvm_macros.svh'.
Parsing included file '/home/ICer/my_ic/lib/uvm/uvm_lib/uvm-1.1d/src/macros/uvm_deprecated_defines.svh'.
Back to file '/home/ICer/my_ic/lib/uvm/uvm_lib/uvm-1.1d/src/uvm_macros.svh'.
Back to file '/home/ICer/my_ic/lib/uvm/uvm_lib/uvm-1.1d/src/uvm_pkg.sv'.
Parsing included file '/home/ICer/my_ic/lib/uvm/uvm_lib/uvm-1.1d/src/dpi/uvm_dpi.svh'.
Parsing included file '/home/ICer/my_ic/lib/uvm/uvm_lib/uvm-1.1d/src/dpi/uvm_hdl.svh'.
Back to file '/home/ICer/my_ic/lib/uvm/uvm_lib/uvm-1.1d/src/dpi/uvm_dpi.svh'.
Parsing included file '/home/ICer/my_ic/lib/uvm/uvm_lib/uvm-1.1d/src/dpi/uvm_svcmd_dpi.svh'.
Back to file '/home/ICer/my_ic/lib/uvm/uvm_lib/uvm-1.1d/src/dpi/uvm_dpi.svh'.
Parsing included file '/home/ICer/my_ic/lib/uvm/uvm_lib/uvm-1.1d/src/dpi/uvm_regex.svh'.
Back to file '/home/ICer/my_ic/lib/uvm/uvm_lib/uvm-1.1d/src/dpi/uvm_dpi.svh'.
Back to file '/home/ICer/my_ic/lib/uvm/uvm_lib/uvm-1.1d/src/uvm_pkg.sv'.
Parsing included file '/home/ICer/my_ic/lib/uvm/uvm_lib/uvm-1.1d/src/base/uvm_base.svh'.
Parsing included file '/home/ICer/my_ic/lib/uvm/uvm_lib/uvm-1.1d/src/base/uvm_version.svh'.
Back to file '/home/ICer/my_ic/lib/uvm/uvm_lib/uvm-1.1d/src/base/uvm_base.svh'.
Parsing included file '/home/ICer/my_ic/lib/uvm/uvm_lib/uvm-1.1d/src/base/uvm_object_globals.svh'.
Back to file '/home/ICer/my_ic/lib/uvm/uvm_lib/uvm-1.1d/src/base/uvm_base.svh'.
Parsing included file '/home/ICer/my_ic/lib/uvm/uvm_lib/uvm-1.1d/src/base/uvm_misc.svh'.
Back to file '/home/ICer/my_ic/lib/uvm/uvm_lib/uvm-1.1d/src/base/uvm_base.svh'.
Parsing included file '/home/ICer/my_ic/lib/uvm/uvm_lib/uvm-1.1d/src/base/uvm_object.svh'.
Back to file '/home/ICer/my_ic/lib/uvm/uvm_lib/uvm-1.1d/src/base/uvm_base.svh'.
Parsing included file '/home/ICer/my_ic/lib/uvm/uvm_lib/uvm-1.1d/src/base/uvm_pool.svh'.
Back to file '/home/ICer/my_ic/lib/uvm/uvm_lib/uvm-1.1d/src/base/uvm_base.svh'.
Parsing included file '/home/ICer/my_ic/lib/uvm/uvm_lib/uvm-1.1d/src/base/uvm_queue.svh'.
Back to file '/home/ICer/my_ic/lib/uvm/uvm_lib/uvm-1.1d/src/base/uvm_base.svh'.
Parsing included file '/home/ICer/my_ic/lib/uvm/uvm_lib/uvm-1.1d/src/base/uvm_factory.svh'.
Back to file '/home/ICer/my_ic/lib/uvm/uvm_lib/uvm-1.1d/src/base/uvm_base.svh'.
Parsing included file '/home/ICer/my_ic/lib/uvm/uvm_lib/uvm-1.1d/src/base/uvm_registry.svh'.
Back to file '/home/ICer/my_ic/lib/uvm/uvm_lib/uvm-1.1d/src/base/uvm_base.svh'.
Parsing included file '/home/ICer/my_ic/lib/uvm/uvm_lib/uvm-1.1d/src/base/uvm_spell_chkr.svh'.
Back to file '/home/ICer/my_ic/lib/uvm/uvm_lib/uvm-1.1d/src/base/uvm_base.svh'.
Parsing included file '/home/ICer/my_ic/lib/uvm/uvm_lib/uvm-1.1d/src/base/uvm_resource.svh'.
Back to file '/home/ICer/my_ic/lib/uvm/uvm_lib/uvm-1.1d/src/base/uvm_base.svh'.
Parsing included file '/home/ICer/my_ic/lib/uvm/uvm_lib/uvm-1.1d/src/deprecated/uvm_resource_converter.svh'.
Back to file '/home/ICer/my_ic/lib/uvm/uvm_lib/uvm-1.1d/src/base/uvm_base.svh'.
Parsing included file '/home/ICer/my_ic/lib/uvm/uvm_lib/uvm-1.1d/src/base/uvm_resource_specializations.svh'.
Back to file '/home/ICer/my_ic/lib/uvm/uvm_lib/uvm-1.1d/src/base/uvm_base.svh'.
Parsing included file '/home/ICer/my_ic/lib/uvm/uvm_lib/uvm-1.1d/src/base/uvm_resource_db.svh'.
Back to file '/home/ICer/my_ic/lib/uvm/uvm_lib/uvm-1.1d/src/base/uvm_base.svh'.
Parsing included file '/home/ICer/my_ic/lib/uvm/uvm_lib/uvm-1.1d/src/base/uvm_config_db.svh'.
Back to file '/home/ICer/my_ic/lib/uvm/uvm_lib/uvm-1.1d/src/base/uvm_base.svh'.
Parsing included file '/home/ICer/my_ic/lib/uvm/uvm_lib/uvm-1.1d/src/base/uvm_printer.svh'.
Back to file '/home/ICer/my_ic/lib/uvm/uvm_lib/uvm-1.1d/src/base/uvm_base.svh'.
Parsing included file '/home/ICer/my_ic/lib/uvm/uvm_lib/uvm-1.1d/src/base/uvm_comparer.svh'.
Back to file '/home/ICer/my_ic/lib/uvm/uvm_lib/uvm-1.1d/src/base/uvm_base.svh'.
Parsing included file '/home/ICer/my_ic/lib/uvm/uvm_lib/uvm-1.1d/src/base/uvm_packer.svh'.
Back to file '/home/ICer/my_ic/lib/uvm/uvm_lib/uvm-1.1d/src/base/uvm_base.svh'.
Parsing included file '/home/ICer/my_ic/lib/uvm/uvm_lib/uvm-1.1d/src/base/uvm_recorder.svh'.
Back to file '/home/ICer/my_ic/lib/uvm/uvm_lib/uvm-1.1d/src/base/uvm_base.svh'.
Parsing included file '/home/ICer/my_ic/lib/uvm/uvm_lib/uvm-1.1d/src/base/uvm_event_callback.svh'.
Back to file '/home/ICer/my_ic/lib/uvm/uvm_lib/uvm-1.1d/src/base/uvm_base.svh'.
Parsing included file '/home/ICer/my_ic/lib/uvm/uvm_lib/uvm-1.1d/src/base/uvm_event.svh'.
Back to file '/home/ICer/my_ic/lib/uvm/uvm_lib/uvm-1.1d/src/base/uvm_base.svh'.
Parsing included file '/home/ICer/my_ic/lib/uvm/uvm_lib/uvm-1.1d/src/base/uvm_barrier.svh'.
Back to file '/home/ICer/my_ic/lib/uvm/uvm_lib/uvm-1.1d/src/base/uvm_base.svh'.
Parsing included file '/home/ICer/my_ic/lib/uvm/uvm_lib/uvm-1.1d/src/base/uvm_callback.svh'.
Parsing included file '/home/ICer/my_ic/lib/uvm/uvm_lib/uvm-1.1d/src/uvm_macros.svh'.
Back to file '/home/ICer/my_ic/lib/uvm/uvm_lib/uvm-1.1d/src/base/uvm_callback.svh'.
Back to file '/home/ICer/my_ic/lib/uvm/uvm_lib/uvm-1.1d/src/base/uvm_base.svh'.
Parsing included file '/home/ICer/my_ic/lib/uvm/uvm_lib/uvm-1.1d/src/base/uvm_report_catcher.svh'.
Back to file '/home/ICer/my_ic/lib/uvm/uvm_lib/uvm-1.1d/src/base/uvm_base.svh'.
Parsing included file '/home/ICer/my_ic/lib/uvm/uvm_lib/uvm-1.1d/src/base/uvm_report_server.svh'.
Back to file '/home/ICer/my_ic/lib/uvm/uvm_lib/uvm-1.1d/src/base/uvm_base.svh'.
Parsing included file '/home/ICer/my_ic/lib/uvm/uvm_lib/uvm-1.1d/src/base/uvm_report_handler.svh'.
Back to file '/home/ICer/my_ic/lib/uvm/uvm_lib/uvm-1.1d/src/base/uvm_base.svh'.
Parsing included file '/home/ICer/my_ic/lib/uvm/uvm_lib/uvm-1.1d/src/base/uvm_report_object.svh'.
Back to file '/home/ICer/my_ic/lib/uvm/uvm_lib/uvm-1.1d/src/base/uvm_base.svh'.
Parsing included file '/home/ICer/my_ic/lib/uvm/uvm_lib/uvm-1.1d/src/base/uvm_transaction.svh'.
Back to file '/home/ICer/my_ic/lib/uvm/uvm_lib/uvm-1.1d/src/base/uvm_base.svh'.
Parsing included file '/home/ICer/my_ic/lib/uvm/uvm_lib/uvm-1.1d/src/base/uvm_phase.svh'.
Back to file '/home/ICer/my_ic/lib/uvm/uvm_lib/uvm-1.1d/src/base/uvm_base.svh'.
Parsing included file '/home/ICer/my_ic/lib/uvm/uvm_lib/uvm-1.1d/src/base/uvm_domain.svh'.
Back to file '/home/ICer/my_ic/lib/uvm/uvm_lib/uvm-1.1d/src/base/uvm_base.svh'.
Parsing included file '/home/ICer/my_ic/lib/uvm/uvm_lib/uvm-1.1d/src/base/uvm_bottomup_phase.svh'.
Back to file '/home/ICer/my_ic/lib/uvm/uvm_lib/uvm-1.1d/src/base/uvm_base.svh'.
Parsing included file '/home/ICer/my_ic/lib/uvm/uvm_lib/uvm-1.1d/src/base/uvm_topdown_phase.svh'.
Back to file '/home/ICer/my_ic/lib/uvm/uvm_lib/uvm-1.1d/src/base/uvm_base.svh'.
Parsing included file '/home/ICer/my_ic/lib/uvm/uvm_lib/uvm-1.1d/src/base/uvm_task_phase.svh'.
Back to file '/home/ICer/my_ic/lib/uvm/uvm_lib/uvm-1.1d/src/base/uvm_base.svh'.
Parsing included file '/home/ICer/my_ic/lib/uvm/uvm_lib/uvm-1.1d/src/base/uvm_common_phases.svh'.
Back to file '/home/ICer/my_ic/lib/uvm/uvm_lib/uvm-1.1d/src/base/uvm_base.svh'.
Parsing included file '/home/ICer/my_ic/lib/uvm/uvm_lib/uvm-1.1d/src/base/uvm_runtime_phases.svh'.
Back to file '/home/ICer/my_ic/lib/uvm/uvm_lib/uvm-1.1d/src/base/uvm_base.svh'.
Parsing included file '/home/ICer/my_ic/lib/uvm/uvm_lib/uvm-1.1d/src/base/uvm_component.svh'.
Parsing included file '/home/ICer/my_ic/lib/uvm/uvm_lib/uvm-1.1d/src/base/uvm_root.svh'.
Back to file '/home/ICer/my_ic/lib/uvm/uvm_lib/uvm-1.1d/src/base/uvm_component.svh'.
Back to file '/home/ICer/my_ic/lib/uvm/uvm_lib/uvm-1.1d/src/base/uvm_base.svh'.
Parsing included file '/home/ICer/my_ic/lib/uvm/uvm_lib/uvm-1.1d/src/base/uvm_objection.svh'.
Back to file '/home/ICer/my_ic/lib/uvm/uvm_lib/uvm-1.1d/src/base/uvm_base.svh'.
Parsing included file '/home/ICer/my_ic/lib/uvm/uvm_lib/uvm-1.1d/src/base/uvm_heartbeat.svh'.
Back to file '/home/ICer/my_ic/lib/uvm/uvm_lib/uvm-1.1d/src/base/uvm_base.svh'.
Parsing included file '/home/ICer/my_ic/lib/uvm/uvm_lib/uvm-1.1d/src/base/uvm_globals.svh'.
Back to file '/home/ICer/my_ic/lib/uvm/uvm_lib/uvm-1.1d/src/base/uvm_base.svh'.
Parsing included file '/home/ICer/my_ic/lib/uvm/uvm_lib/uvm-1.1d/src/base/uvm_cmdline_processor.svh'.
Back to file '/home/ICer/my_ic/lib/uvm/uvm_lib/uvm-1.1d/src/base/uvm_base.svh'.
Back to file '/home/ICer/my_ic/lib/uvm/uvm_lib/uvm-1.1d/src/uvm_pkg.sv'.
Parsing included file '/home/ICer/my_ic/lib/uvm/uvm_lib/uvm-1.1d/src/tlm1/uvm_tlm.svh'.
Parsing included file '/home/ICer/my_ic/lib/uvm/uvm_lib/uvm-1.1d/src/tlm1/uvm_tlm_ifs.svh'.
Back to file '/home/ICer/my_ic/lib/uvm/uvm_lib/uvm-1.1d/src/tlm1/uvm_tlm.svh'.
Parsing included file '/home/ICer/my_ic/lib/uvm/uvm_lib/uvm-1.1d/src/tlm1/uvm_sqr_ifs.svh'.
Back to file '/home/ICer/my_ic/lib/uvm/uvm_lib/uvm-1.1d/src/tlm1/uvm_tlm.svh'.
Parsing included file '/home/ICer/my_ic/lib/uvm/uvm_lib/uvm-1.1d/src/base/uvm_port_base.svh'.
Back to file '/home/ICer/my_ic/lib/uvm/uvm_lib/uvm-1.1d/src/tlm1/uvm_tlm.svh'.
Parsing included file '/home/ICer/my_ic/lib/uvm/uvm_lib/uvm-1.1d/src/tlm1/uvm_tlm_imps.svh'.
Back to file '/home/ICer/my_ic/lib/uvm/uvm_lib/uvm-1.1d/src/tlm1/uvm_tlm.svh'.
Parsing included file '/home/ICer/my_ic/lib/uvm/uvm_lib/uvm-1.1d/src/tlm1/uvm_imps.svh'.
Back to file '/home/ICer/my_ic/lib/uvm/uvm_lib/uvm-1.1d/src/tlm1/uvm_tlm.svh'.
Parsing included file '/home/ICer/my_ic/lib/uvm/uvm_lib/uvm-1.1d/src/tlm1/uvm_ports.svh'.
Back to file '/home/ICer/my_ic/lib/uvm/uvm_lib/uvm-1.1d/src/tlm1/uvm_tlm.svh'.
Parsing included file '/home/ICer/my_ic/lib/uvm/uvm_lib/uvm-1.1d/src/tlm1/uvm_exports.svh'.
Back to file '/home/ICer/my_ic/lib/uvm/uvm_lib/uvm-1.1d/src/tlm1/uvm_tlm.svh'.
Parsing included file '/home/ICer/my_ic/lib/uvm/uvm_lib/uvm-1.1d/src/tlm1/uvm_analysis_port.svh'.
Back to file '/home/ICer/my_ic/lib/uvm/uvm_lib/uvm-1.1d/src/tlm1/uvm_tlm.svh'.
Parsing included file '/home/ICer/my_ic/lib/uvm/uvm_lib/uvm-1.1d/src/tlm1/uvm_tlm_fifo_base.svh'.
Back to file '/home/ICer/my_ic/lib/uvm/uvm_lib/uvm-1.1d/src/tlm1/uvm_tlm.svh'.
Parsing included file '/home/ICer/my_ic/lib/uvm/uvm_lib/uvm-1.1d/src/tlm1/uvm_tlm_fifos.svh'.
Back to file '/home/ICer/my_ic/lib/uvm/uvm_lib/uvm-1.1d/src/tlm1/uvm_tlm.svh'.
Parsing included file '/home/ICer/my_ic/lib/uvm/uvm_lib/uvm-1.1d/src/tlm1/uvm_tlm_req_rsp.svh'.
Back to file '/home/ICer/my_ic/lib/uvm/uvm_lib/uvm-1.1d/src/tlm1/uvm_tlm.svh'.
Parsing included file '/home/ICer/my_ic/lib/uvm/uvm_lib/uvm-1.1d/src/tlm1/uvm_sqr_connections.svh'.
Back to file '/home/ICer/my_ic/lib/uvm/uvm_lib/uvm-1.1d/src/tlm1/uvm_tlm.svh'.
Back to file '/home/ICer/my_ic/lib/uvm/uvm_lib/uvm-1.1d/src/uvm_pkg.sv'.
Parsing included file '/home/ICer/my_ic/lib/uvm/uvm_lib/uvm-1.1d/src/comps/uvm_comps.svh'.
Parsing included file '/home/ICer/my_ic/lib/uvm/uvm_lib/uvm-1.1d/src/comps/uvm_pair.svh'.
Back to file '/home/ICer/my_ic/lib/uvm/uvm_lib/uvm-1.1d/src/comps/uvm_comps.svh'.
Parsing included file '/home/ICer/my_ic/lib/uvm/uvm_lib/uvm-1.1d/src/comps/uvm_policies.svh'.
Back to file '/home/ICer/my_ic/lib/uvm/uvm_lib/uvm-1.1d/src/comps/uvm_comps.svh'.
Parsing included file '/home/ICer/my_ic/lib/uvm/uvm_lib/uvm-1.1d/src/comps/uvm_in_order_comparator.svh'.
Back to file '/home/ICer/my_ic/lib/uvm/uvm_lib/uvm-1.1d/src/comps/uvm_comps.svh'.
Parsing included file '/home/ICer/my_ic/lib/uvm/uvm_lib/uvm-1.1d/src/comps/uvm_algorithmic_comparator.svh'.
Back to file '/home/ICer/my_ic/lib/uvm/uvm_lib/uvm-1.1d/src/comps/uvm_comps.svh'.
Parsing included file '/home/ICer/my_ic/lib/uvm/uvm_lib/uvm-1.1d/src/comps/uvm_random_stimulus.svh'.
Back to file '/home/ICer/my_ic/lib/uvm/uvm_lib/uvm-1.1d/src/comps/uvm_comps.svh'.
Parsing included file '/home/ICer/my_ic/lib/uvm/uvm_lib/uvm-1.1d/src/comps/uvm_subscriber.svh'.
Back to file '/home/ICer/my_ic/lib/uvm/uvm_lib/uvm-1.1d/src/comps/uvm_comps.svh'.
Parsing included file '/home/ICer/my_ic/lib/uvm/uvm_lib/uvm-1.1d/src/comps/uvm_monitor.svh'.
Back to file '/home/ICer/my_ic/lib/uvm/uvm_lib/uvm-1.1d/src/comps/uvm_comps.svh'.
Parsing included file '/home/ICer/my_ic/lib/uvm/uvm_lib/uvm-1.1d/src/comps/uvm_driver.svh'.
Back to file '/home/ICer/my_ic/lib/uvm/uvm_lib/uvm-1.1d/src/comps/uvm_comps.svh'.
Parsing included file '/home/ICer/my_ic/lib/uvm/uvm_lib/uvm-1.1d/src/comps/uvm_push_driver.svh'.
Back to file '/home/ICer/my_ic/lib/uvm/uvm_lib/uvm-1.1d/src/comps/uvm_comps.svh'.
Parsing included file '/home/ICer/my_ic/lib/uvm/uvm_lib/uvm-1.1d/src/comps/uvm_scoreboard.svh'.
Back to file '/home/ICer/my_ic/lib/uvm/uvm_lib/uvm-1.1d/src/comps/uvm_comps.svh'.
Parsing included file '/home/ICer/my_ic/lib/uvm/uvm_lib/uvm-1.1d/src/comps/uvm_agent.svh'.
Back to file '/home/ICer/my_ic/lib/uvm/uvm_lib/uvm-1.1d/src/comps/uvm_comps.svh'.
Parsing included file '/home/ICer/my_ic/lib/uvm/uvm_lib/uvm-1.1d/src/comps/uvm_env.svh'.
Back to file '/home/ICer/my_ic/lib/uvm/uvm_lib/uvm-1.1d/src/comps/uvm_comps.svh'.
Parsing included file '/home/ICer/my_ic/lib/uvm/uvm_lib/uvm-1.1d/src/comps/uvm_test.svh'.
Back to file '/home/ICer/my_ic/lib/uvm/uvm_lib/uvm-1.1d/src/comps/uvm_comps.svh'.
Back to file '/home/ICer/my_ic/lib/uvm/uvm_lib/uvm-1.1d/src/uvm_pkg.sv'.
Parsing included file '/home/ICer/my_ic/lib/uvm/uvm_lib/uvm-1.1d/src/seq/uvm_seq.svh'.
Parsing included file '/home/ICer/my_ic/lib/uvm/uvm_lib/uvm-1.1d/src/seq/uvm_sequence_item.svh'.
Back to file '/home/ICer/my_ic/lib/uvm/uvm_lib/uvm-1.1d/src/seq/uvm_seq.svh'.
Parsing included file '/home/ICer/my_ic/lib/uvm/uvm_lib/uvm-1.1d/src/seq/uvm_sequencer_base.svh'.
Back to file '/home/ICer/my_ic/lib/uvm/uvm_lib/uvm-1.1d/src/seq/uvm_seq.svh'.
Parsing included file '/home/ICer/my_ic/lib/uvm/uvm_lib/uvm-1.1d/src/seq/uvm_sequencer_analysis_fifo.svh'.
Back to file '/home/ICer/my_ic/lib/uvm/uvm_lib/uvm-1.1d/src/seq/uvm_seq.svh'.
Parsing included file '/home/ICer/my_ic/lib/uvm/uvm_lib/uvm-1.1d/src/seq/uvm_sequencer_param_base.svh'.
Back to file '/home/ICer/my_ic/lib/uvm/uvm_lib/uvm-1.1d/src/seq/uvm_seq.svh'.
Parsing included file '/home/ICer/my_ic/lib/uvm/uvm_lib/uvm-1.1d/src/seq/uvm_sequencer.svh'.
Back to file '/home/ICer/my_ic/lib/uvm/uvm_lib/uvm-1.1d/src/seq/uvm_seq.svh'.
Parsing included file '/home/ICer/my_ic/lib/uvm/uvm_lib/uvm-1.1d/src/seq/uvm_push_sequencer.svh'.
Back to file '/home/ICer/my_ic/lib/uvm/uvm_lib/uvm-1.1d/src/seq/uvm_seq.svh'.
Parsing included file '/home/ICer/my_ic/lib/uvm/uvm_lib/uvm-1.1d/src/seq/uvm_sequence_base.svh'.
Back to file '/home/ICer/my_ic/lib/uvm/uvm_lib/uvm-1.1d/src/seq/uvm_seq.svh'.
Parsing included file '/home/ICer/my_ic/lib/uvm/uvm_lib/uvm-1.1d/src/seq/uvm_sequence.svh'.
Back to file '/home/ICer/my_ic/lib/uvm/uvm_lib/uvm-1.1d/src/seq/uvm_seq.svh'.
Parsing included file '/home/ICer/my_ic/lib/uvm/uvm_lib/uvm-1.1d/src/seq/uvm_sequence_library.svh'.
Back to file '/home/ICer/my_ic/lib/uvm/uvm_lib/uvm-1.1d/src/seq/uvm_seq.svh'.
Parsing included file '/home/ICer/my_ic/lib/uvm/uvm_lib/uvm-1.1d/src/seq/uvm_sequence_builtin.svh'.
Back to file '/home/ICer/my_ic/lib/uvm/uvm_lib/uvm-1.1d/src/seq/uvm_seq.svh'.
Back to file '/home/ICer/my_ic/lib/uvm/uvm_lib/uvm-1.1d/src/uvm_pkg.sv'.
Parsing included file '/home/ICer/my_ic/lib/uvm/uvm_lib/uvm-1.1d/src/tlm2/uvm_tlm2.svh'.
Parsing included file '/home/ICer/my_ic/lib/uvm/uvm_lib/uvm-1.1d/src/tlm2/uvm_tlm2_defines.svh'.
Back to file '/home/ICer/my_ic/lib/uvm/uvm_lib/uvm-1.1d/src/tlm2/uvm_tlm2.svh'.
Parsing included file '/home/ICer/my_ic/lib/uvm/uvm_lib/uvm-1.1d/src/tlm2/uvm_tlm2_time.svh'.
Back to file '/home/ICer/my_ic/lib/uvm/uvm_lib/uvm-1.1d/src/tlm2/uvm_tlm2.svh'.
Parsing included file '/home/ICer/my_ic/lib/uvm/uvm_lib/uvm-1.1d/src/tlm2/uvm_tlm2_generic_payload.svh'.
Back to file '/home/ICer/my_ic/lib/uvm/uvm_lib/uvm-1.1d/src/tlm2/uvm_tlm2.svh'.
Parsing included file '/home/ICer/my_ic/lib/uvm/uvm_lib/uvm-1.1d/src/tlm2/uvm_tlm2_ifs.svh'.
Back to file '/home/ICer/my_ic/lib/uvm/uvm_lib/uvm-1.1d/src/tlm2/uvm_tlm2.svh'.
Parsing included file '/home/ICer/my_ic/lib/uvm/uvm_lib/uvm-1.1d/src/tlm2/uvm_tlm2_imps.svh'.
Back to file '/home/ICer/my_ic/lib/uvm/uvm_lib/uvm-1.1d/src/tlm2/uvm_tlm2.svh'.
Parsing included file '/home/ICer/my_ic/lib/uvm/uvm_lib/uvm-1.1d/src/tlm2/uvm_tlm2_ports.svh'.
Back to file '/home/ICer/my_ic/lib/uvm/uvm_lib/uvm-1.1d/src/tlm2/uvm_tlm2.svh'.
Parsing included file '/home/ICer/my_ic/lib/uvm/uvm_lib/uvm-1.1d/src/tlm2/uvm_tlm2_exports.svh'.
Back to file '/home/ICer/my_ic/lib/uvm/uvm_lib/uvm-1.1d/src/tlm2/uvm_tlm2.svh'.
Parsing included file '/home/ICer/my_ic/lib/uvm/uvm_lib/uvm-1.1d/src/tlm2/uvm_tlm2_sockets_base.svh'.
Back to file '/home/ICer/my_ic/lib/uvm/uvm_lib/uvm-1.1d/src/tlm2/uvm_tlm2.svh'.
Parsing included file '/home/ICer/my_ic/lib/uvm/uvm_lib/uvm-1.1d/src/tlm2/uvm_tlm2_sockets.svh'.
Back to file '/home/ICer/my_ic/lib/uvm/uvm_lib/uvm-1.1d/src/tlm2/uvm_tlm2.svh'.
Back to file '/home/ICer/my_ic/lib/uvm/uvm_lib/uvm-1.1d/src/uvm_pkg.sv'.
Parsing included file '/home/ICer/my_ic/lib/uvm/uvm_lib/uvm-1.1d/src/reg/uvm_reg_model.svh'.
Parsing included file '/home/ICer/my_ic/lib/uvm/uvm_lib/uvm-1.1d/src/reg/uvm_reg_item.svh'.
Back to file '/home/ICer/my_ic/lib/uvm/uvm_lib/uvm-1.1d/src/reg/uvm_reg_model.svh'.
Parsing included file '/home/ICer/my_ic/lib/uvm/uvm_lib/uvm-1.1d/src/reg/uvm_reg_adapter.svh'.
Back to file '/home/ICer/my_ic/lib/uvm/uvm_lib/uvm-1.1d/src/reg/uvm_reg_model.svh'.
Parsing included file '/home/ICer/my_ic/lib/uvm/uvm_lib/uvm-1.1d/src/reg/uvm_reg_predictor.svh'.
Back to file '/home/ICer/my_ic/lib/uvm/uvm_lib/uvm-1.1d/src/reg/uvm_reg_model.svh'.
Parsing included file '/home/ICer/my_ic/lib/uvm/uvm_lib/uvm-1.1d/src/reg/uvm_reg_sequence.svh'.
Back to file '/home/ICer/my_ic/lib/uvm/uvm_lib/uvm-1.1d/src/reg/uvm_reg_model.svh'.
Parsing included file '/home/ICer/my_ic/lib/uvm/uvm_lib/uvm-1.1d/src/reg/uvm_reg_cbs.svh'.
Back to file '/home/ICer/my_ic/lib/uvm/uvm_lib/uvm-1.1d/src/reg/uvm_reg_model.svh'.
Parsing included file '/home/ICer/my_ic/lib/uvm/uvm_lib/uvm-1.1d/src/reg/uvm_reg_backdoor.svh'.
Back to file '/home/ICer/my_ic/lib/uvm/uvm_lib/uvm-1.1d/src/reg/uvm_reg_model.svh'.
Parsing included file '/home/ICer/my_ic/lib/uvm/uvm_lib/uvm-1.1d/src/reg/uvm_reg_field.svh'.
Back to file '/home/ICer/my_ic/lib/uvm/uvm_lib/uvm-1.1d/src/reg/uvm_reg_model.svh'.
Parsing included file '/home/ICer/my_ic/lib/uvm/uvm_lib/uvm-1.1d/src/reg/uvm_vreg_field.svh'.
Back to file '/home/ICer/my_ic/lib/uvm/uvm_lib/uvm-1.1d/src/reg/uvm_reg_model.svh'.
Parsing included file '/home/ICer/my_ic/lib/uvm/uvm_lib/uvm-1.1d/src/reg/uvm_reg.svh'.
Back to file '/home/ICer/my_ic/lib/uvm/uvm_lib/uvm-1.1d/src/reg/uvm_reg_model.svh'.
Parsing included file '/home/ICer/my_ic/lib/uvm/uvm_lib/uvm-1.1d/src/reg/uvm_reg_indirect.svh'.
Back to file '/home/ICer/my_ic/lib/uvm/uvm_lib/uvm-1.1d/src/reg/uvm_reg_model.svh'.
Parsing included file '/home/ICer/my_ic/lib/uvm/uvm_lib/uvm-1.1d/src/reg/uvm_reg_fifo.svh'.
Back to file '/home/ICer/my_ic/lib/uvm/uvm_lib/uvm-1.1d/src/reg/uvm_reg_model.svh'.
Parsing included file '/home/ICer/my_ic/lib/uvm/uvm_lib/uvm-1.1d/src/reg/uvm_reg_file.svh'.
Back to file '/home/ICer/my_ic/lib/uvm/uvm_lib/uvm-1.1d/src/reg/uvm_reg_model.svh'.
Parsing included file '/home/ICer/my_ic/lib/uvm/uvm_lib/uvm-1.1d/src/reg/uvm_mem_mam.svh'.
Back to file '/home/ICer/my_ic/lib/uvm/uvm_lib/uvm-1.1d/src/reg/uvm_reg_model.svh'.
Parsing included file '/home/ICer/my_ic/lib/uvm/uvm_lib/uvm-1.1d/src/reg/uvm_vreg.svh'.
Back to file '/home/ICer/my_ic/lib/uvm/uvm_lib/uvm-1.1d/src/reg/uvm_reg_model.svh'.
Parsing included file '/home/ICer/my_ic/lib/uvm/uvm_lib/uvm-1.1d/src/reg/uvm_mem.svh'.
Back to file '/home/ICer/my_ic/lib/uvm/uvm_lib/uvm-1.1d/src/reg/uvm_reg_model.svh'.
Parsing included file '/home/ICer/my_ic/lib/uvm/uvm_lib/uvm-1.1d/src/reg/uvm_reg_map.svh'.
Back to file '/home/ICer/my_ic/lib/uvm/uvm_lib/uvm-1.1d/src/reg/uvm_reg_model.svh'.
Parsing included file '/home/ICer/my_ic/lib/uvm/uvm_lib/uvm-1.1d/src/reg/uvm_reg_block.svh'.
Back to file '/home/ICer/my_ic/lib/uvm/uvm_lib/uvm-1.1d/src/reg/uvm_reg_model.svh'.
Parsing included file '/home/ICer/my_ic/lib/uvm/uvm_lib/uvm-1.1d/src/reg/sequences/uvm_reg_hw_reset_seq.svh'.
Back to file '/home/ICer/my_ic/lib/uvm/uvm_lib/uvm-1.1d/src/reg/uvm_reg_model.svh'.
Parsing included file '/home/ICer/my_ic/lib/uvm/uvm_lib/uvm-1.1d/src/reg/sequences/uvm_reg_bit_bash_seq.svh'.
Back to file '/home/ICer/my_ic/lib/uvm/uvm_lib/uvm-1.1d/src/reg/uvm_reg_model.svh'.
Parsing included file '/home/ICer/my_ic/lib/uvm/uvm_lib/uvm-1.1d/src/reg/sequences/uvm_mem_walk_seq.svh'.
Back to file '/home/ICer/my_ic/lib/uvm/uvm_lib/uvm-1.1d/src/reg/uvm_reg_model.svh'.
Parsing included file '/home/ICer/my_ic/lib/uvm/uvm_lib/uvm-1.1d/src/reg/sequences/uvm_mem_access_seq.svh'.
Back to file '/home/ICer/my_ic/lib/uvm/uvm_lib/uvm-1.1d/src/reg/uvm_reg_model.svh'.
Parsing included file '/home/ICer/my_ic/lib/uvm/uvm_lib/uvm-1.1d/src/reg/sequences/uvm_reg_access_seq.svh'.
Back to file '/home/ICer/my_ic/lib/uvm/uvm_lib/uvm-1.1d/src/reg/uvm_reg_model.svh'.
Parsing included file '/home/ICer/my_ic/lib/uvm/uvm_lib/uvm-1.1d/src/reg/sequences/uvm_reg_mem_shared_access_seq.svh'.
Back to file '/home/ICer/my_ic/lib/uvm/uvm_lib/uvm-1.1d/src/reg/uvm_reg_model.svh'.
Parsing included file '/home/ICer/my_ic/lib/uvm/uvm_lib/uvm-1.1d/src/reg/sequences/uvm_reg_mem_built_in_seq.svh'.
Back to file '/home/ICer/my_ic/lib/uvm/uvm_lib/uvm-1.1d/src/reg/uvm_reg_model.svh'.
Parsing included file '/home/ICer/my_ic/lib/uvm/uvm_lib/uvm-1.1d/src/reg/sequences/uvm_reg_mem_hdl_paths_seq.svh'.
Back to file '/home/ICer/my_ic/lib/uvm/uvm_lib/uvm-1.1d/src/reg/uvm_reg_model.svh'.
Back to file '/home/ICer/my_ic/lib/uvm/uvm_lib/uvm-1.1d/src/uvm_pkg.sv'.
Parsing design file '/home/ICer/my_ic/project/wild_fire/src/glbl/fsdb.v'
Parsing design file '/home/ICer/my_ic/project/wild_fire/src/glbl/glbl.v'
Parsing design file '/home/ICer/my_ic/project/wild_fire/src/rtl/000.my_m0_0macro/ADC_MODULE/adc_fifo_async.v'
Parsing design file '/home/ICer/my_ic/project/wild_fire/src/rtl/000.my_m0_0macro/ADC_MODULE/read_fifo_to_external_module.v'
Parsing design file '/home/ICer/my_ic/project/wild_fire/src/rtl/000.my_m0_0macro/ADC_MODULE/adc_chain.v'
Parsing design file '/home/ICer/my_ic/project/wild_fire/src/rtl/000.my_m0_0macro/ADC_MODULE/adc_chain_ctrl_max11040.v'
Parsing design file '/home/ICer/my_ic/project/wild_fire/src/rtl/000.my_m0_0macro/ADC_MODULE/adc_chain_regcfg_r_max11040.v'
Parsing design file '/home/ICer/my_ic/project/wild_fire/src/rtl/000.my_m0_0macro/ADC_MODULE/adc_chain_regcfg_w_max11040.v'
Parsing design file '/home/ICer/my_ic/project/wild_fire/src/rtl/000.my_m0_0macro/ADC_MODULE/AHB2ADC.v'
Parsing design file '/home/ICer/my_ic/project/wild_fire/src/rtl/000.my_m0_0macro/ADC_MODULE/spi_drive.v'
Parsing design file '/home/ICer/my_ic/project/wild_fire/src/rtl/000.my_m0_0macro/ETH/arp_ctrl.v'
Parsing design file '/home/ICer/my_ic/project/wild_fire/src/rtl/000.my_m0_0macro/ETH/eth.ctrl.v'
Parsing design file '/home/ICer/my_ic/project/wild_fire/src/rtl/000.my_m0_0macro/ETH/ETH_ARP/arp.v'
Parsing design file '/home/ICer/my_ic/project/wild_fire/src/rtl/000.my_m0_0macro/ETH/ETH_ARP/arp_rx.v'
Parsing design file '/home/ICer/my_ic/project/wild_fire/src/rtl/000.my_m0_0macro/ETH/ETH_ARP/arp_tx.v'
Parsing design file '/home/ICer/my_ic/project/wild_fire/src/rtl/000.my_m0_0macro/ETH/ETH_ARP/crc32_d8.v'
Parsing design file '/home/ICer/my_ic/project/wild_fire/src/rtl/000.my_m0_0macro/ETH/eth_arp_test.v'
Parsing design file '/home/ICer/my_ic/project/wild_fire/src/rtl/000.my_m0_0macro/ETH/ETH_gmii2rgmii/gmii_to_rgmii.v'
Parsing design file '/home/ICer/my_ic/project/wild_fire/src/rtl/000.my_m0_0macro/ETH/ETH_gmii2rgmii/rgmii_rx.v'
Parsing design file '/home/ICer/my_ic/project/wild_fire/src/rtl/000.my_m0_0macro/ETH/ETH_gmii2rgmii/rgmii_tx.v'
Parsing design file '/home/ICer/my_ic/project/wild_fire/src/rtl/000.my_m0_0macro/ETH/ETH_MDIO/mdio_ctrl.v'
Parsing design file '/home/ICer/my_ic/project/wild_fire/src/rtl/000.my_m0_0macro/ETH/ETH_MDIO/mdio_dri.v'
Parsing design file '/home/ICer/my_ic/project/wild_fire/src/rtl/000.my_m0_0macro/ETH/ETH_MDIO/mdio_rw_test.v'
Parsing design file '/home/ICer/my_ic/project/wild_fire/src/rtl/000.my_m0_0macro/ETH/ETH_UDP/udp.v'
Parsing design file '/home/ICer/my_ic/project/wild_fire/src/rtl/000.my_m0_0macro/ETH/ETH_UDP/udp_rx.v'
Parsing design file '/home/ICer/my_ic/project/wild_fire/src/rtl/000.my_m0_0macro/ETH/ETH_UDP/udp_tx.v'
Parsing design file '/home/ICer/my_ic/project/wild_fire/src/rtl/000.my_m0_0macro/ETH/eth_udp_loop.v'
Parsing design file '/home/ICer/my_ic/project/wild_fire/src/rtl/000.my_m0_0macro/M0_SYS/AHB2LED.v'
Parsing design file '/home/ICer/my_ic/project/wild_fire/src/rtl/000.my_m0_0macro/M0_SYS/AHB2MEM.v'
Parsing design file '/home/ICer/my_ic/project/wild_fire/src/rtl/000.my_m0_0macro/M0_SYS/AHB7SEGDEC.v'
Parsing design file '/home/ICer/my_ic/project/wild_fire/src/rtl/000.my_m0_0macro/M0_SYS/AHBDCD.v'
Parsing design file '/home/ICer/my_ic/project/wild_fire/src/rtl/000.my_m0_0macro/M0_SYS/AHBLITE_SYS.v'
Parsing included file '/home/ICer/my_ic/project/wild_fire/src/rtl/000.my_m0_0macro/bord_define_macro.v'.
Back to file '/home/ICer/my_ic/project/wild_fire/src/rtl/000.my_m0_0macro/M0_SYS/AHBLITE_SYS.v'.
Parsing design file '/home/ICer/my_ic/project/wild_fire/src/rtl/000.my_m0_0macro/M0_SYS/AHBMUX.v'
Parsing design file '/home/ICer/my_ic/project/wild_fire/src/rtl/000.my_m0_0macro/M0_SYS/AHBTIMER.v'
Parsing design file '/home/ICer/my_ic/project/wild_fire/src/rtl/000.my_m0_0macro/M0_SYS/AHBUART.v'
Parsing design file '/home/ICer/my_ic/project/wild_fire/src/rtl/000.my_m0_0macro/M0_SYS/CORTEXM0DS.v'
Parsing design file '/home/ICer/my_ic/project/wild_fire/src/rtl/000.my_m0_0macro/M0_SYS/cortexm0ds_logic.v'
Parsing design file '/home/ICer/my_ic/project/wild_fire/src/rtl/000.my_m0_0macro/M0_SYS/fifo.v'
Parsing design file '/home/ICer/my_ic/project/wild_fire/src/rtl/000.my_m0_0macro/M0_SYS/key_filter.v'
Parsing design file '/home/ICer/my_ic/project/wild_fire/src/rtl/000.my_m0_0macro/M0_SYS/prescaler.v'
Parsing design file '/home/ICer/my_ic/project/wild_fire/src/rtl/000.my_m0_0macro/M0_SYS/uart_rx.v'
Parsing design file '/home/ICer/my_ic/project/wild_fire/src/rtl/000.my_m0_0macro/M0_SYS/uart_tx.v'
Parsing design file '/home/ICer/my_ic/project/wild_fire/src/rtl/000.my_m0_0macro/vcs_define_macro.v'
Parsing design file '/home/ICer/my_ic/project/wild_fire/src/tb/000.my_m0_0macro/M0_tb.sv'
Parsing included file '/home/ICer/my_ic/project/wild_fire/src/rtl/000.my_m0_0macro/vcs_define_macro.v'.
Back to file '/home/ICer/my_ic/project/wild_fire/src/tb/000.my_m0_0macro/M0_tb.sv'.
CPU time: 1.129 seconds to compile
