** Warning: (vlib-34) Library already exists at "questa_lib/work".
** Warning: (vlib-34) Library already exists at "questa_lib/msim".
** Warning: (vlib-34) Library already exists at "questa_lib/msim/xil_defaultlib".
QuestaSim-64 vmap 10.7c Lib Mapping Utility 2018.08 Aug 17 2018
vmap xil_defaultlib questa_lib/msim/xil_defaultlib 
Modifying modelsim.ini
QuestaSim-64 vlog 10.7c Compiler 2018.08 Aug 17 2018
Start time: 18:05:40 on Aug 19,2023
vlog -64 -incr -work xil_defaultlib "+incdir+../../../../k325t.srcs/sources_1/ip/clk_wiz_0" ../../../../k325t.srcs/sources_1/ip/clk_wiz_0/clk_wiz_0_clk_wiz.v ../../../../k325t.srcs/sources_1/ip/clk_wiz_0/clk_wiz_0.v ../../../../../../src/rtl/uart_rx.v ../../../../../../src/rtl/uart_top.v ../../../../../../src/rtl/uart_tx.v ../../../../../../src/tb/uart_top_tb.v 
-- Skipping module clk_wiz_0_clk_wiz
-- Skipping module clk_wiz_0
-- Skipping module uart_rx
-- Skipping module uart_top
-- Skipping module uart_tx
-- Skipping module uart_top_tb

Top level modules:
	uart_top_tb
End time: 18:05:40 on Aug 19,2023, Elapsed time: 0:00:00
Errors: 0, Warnings: 0
QuestaSim-64 vlog 10.7c Compiler 2018.08 Aug 17 2018
Start time: 18:05:40 on Aug 19,2023
vlog -work xil_defaultlib glbl.v 
-- Compiling module glbl

Top level modules:
	glbl
End time: 18:05:40 on Aug 19,2023, Elapsed time: 0:00:00
Errors: 0, Warnings: 0
