# //  Questa Sim-64
# //  Version 10.7c linux_x86_64 Aug 17 2018
# //
# //  Copyright 1991-2018 Mentor Graphics Corporation
# //  All Rights Reserved.
# //
# //  QuestaSim and its associated documentation contain trade
# //  secrets and commercial or financial information that are the property of
# //  Mentor Graphics Corporation and are privileged, confidential,
# //  and exempt from disclosure under the Freedom of Information Act,
# //  5 U.S.C. Section 552. Furthermore, this information
# //  is prohibited from disclosure under the Trade Secrets Act,
# //  18 U.S.C. Section 1905.
# //
# do {uart_top_tb_simulate.do}
# vsim -lib xil_defaultlib uart_top_tb_opt 
# Start time: 18:05:47 on Aug 19,2023
# Loading work.uart_top_tb(fast)
# Loading work.uart_top(fast)
# Loading work.clk_wiz_0(fast)
# Loading work.clk_wiz_0_clk_wiz(fast)
# Loading unisims_ver.IBUF(fast)
# Loading unisims_ver.MMCME2_ADV(fast)
# Loading unisims_ver.BUFG(fast)
# Loading work.uart_rx(fast)
# Loading work.uart_tx(fast)
# Loading work.glbl(fast)
# 1
# 1
# .main_pane.wave.interior.cs.body.pw.wf
# .main_pane.structure.interior.cs.body.struct
# .main_pane.objects.interior.cs.body.tree
# End time: 18:10:26 on Aug 19,2023, Elapsed time: 0:04:39
# Errors: 0, Warnings: 0
